TN:
SF:src\docs\swagger.ts
FNF:0
FNH:0
DA:1,0
DA:3,0
DA:5,0
DA:411,0
DA:416,0
DA:417,0
LF:6
LH:0
BRDA:3,0,0,0
BRDA:3,0,1,0
BRDA:3,1,0,0
BRDA:3,1,1,0
BRF:4
BRH:0
end_of_record
TN:
SF:src\lib\prisma.ts
FNF:0
FNH:0
DA:1,0
DA:3,0
LF:2
LH:0
BRF:0
BRH:0
end_of_record
TN:
SF:src\middlewares\admin.middleware.ts
FN:9,(anonymous_16)
FN:9,(anonymous_17)
FNF:2
FNH:0
FNDA:0,(anonymous_16)
FNDA:0,(anonymous_17)
DA:2,0
DA:3,0
DA:9,0
DA:11,0
DA:12,0
DA:13,0
DA:15,0
DA:17,0
DA:18,0
DA:21,0
DA:25,0
DA:26,0
DA:30,0
DA:31,0
DA:35,0
DA:36,0
DA:38,0
LF:17
LH:0
BRDA:12,0,0,0
BRDA:12,0,1,0
BRDA:12,1,0,0
BRDA:12,1,1,0
BRDA:25,2,0,0
BRDA:25,2,1,0
BRDA:30,3,0,0
BRDA:30,3,1,0
BRF:8
BRH:0
end_of_record
TN:
SF:src\middlewares\auth.middleware.ts
FN:13,(anonymous_9)
FNF:1
FNH:0
FNDA:0,(anonymous_9)
DA:2,0
DA:13,0
DA:15,0
DA:18,0
DA:19,0
DA:23,0
DA:25,0
DA:27,0
DA:30,0
DA:33,0
DA:35,0
LF:11
LH:0
BRDA:18,0,0,0
BRDA:18,0,1,0
BRDA:18,1,0,0
BRDA:18,1,1,0
BRF:4
BRH:0
end_of_record
TN:
SF:src\modules\agenda\agenda.controller.ts
FN:19,(anonymous_7)
FN:27,(anonymous_8)
FN:50,(anonymous_10)
FN:67,(anonymous_12)
FN:91,(anonymous_14)
FNF:5
FNH:0
FNDA:0,(anonymous_7)
FNDA:0,(anonymous_8)
FNDA:0,(anonymous_10)
FNDA:0,(anonymous_12)
FNDA:0,(anonymous_14)
DA:2,0
DA:3,0
DA:4,0
DA:11,0
DA:13,0
DA:20,0
DA:21,0
DA:22,0
DA:23,0
DA:24,0
DA:28,0
DA:29,0
DA:30,0
DA:32,0
DA:33,0
DA:36,0
DA:38,0
DA:40,0
DA:42,0
DA:43,0
DA:46,0
DA:51,0
DA:52,0
DA:54,0
DA:55,0
DA:58,0
DA:60,0
DA:62,0
DA:63,0
DA:68,0
DA:69,0
DA:70,0
DA:71,0
DA:73,0
DA:74,0
DA:77,0
DA:79,0
DA:81,0
DA:83,0
DA:84,0
DA:87,0
DA:92,0
DA:93,0
DA:94,0
DA:96,0
DA:97,0
DA:100,0
DA:102,0
DA:104,0
DA:106,0
DA:107,0
DA:110,0
LF:52
LH:0
BRDA:30,0,0,0
BRDA:30,0,1,0
BRDA:30,1,0,0
BRDA:30,1,1,0
BRDA:32,2,0,0
BRDA:32,2,1,0
BRDA:42,3,0,0
BRDA:42,3,1,0
BRDA:42,4,0,0
BRDA:42,4,1,0
BRDA:52,5,0,0
BRDA:52,5,1,0
BRDA:52,6,0,0
BRDA:52,6,1,0
BRDA:54,7,0,0
BRDA:54,7,1,0
BRDA:71,8,0,0
BRDA:71,8,1,0
BRDA:71,9,0,0
BRDA:71,9,1,0
BRDA:73,10,0,0
BRDA:73,10,1,0
BRDA:83,11,0,0
BRDA:83,11,1,0
BRDA:83,12,0,0
BRDA:83,12,1,0
BRDA:94,13,0,0
BRDA:94,13,1,0
BRDA:94,14,0,0
BRDA:94,14,1,0
BRDA:96,15,0,0
BRDA:96,15,1,0
BRDA:106,16,0,0
BRDA:106,16,1,0
BRDA:106,17,0,0
BRDA:106,17,1,0
BRF:36
BRH:0
end_of_record
TN:
SF:src\modules\agenda\agenda.router.ts
FNF:0
FNH:0
DA:1,0
DA:2,0
DA:3,0
DA:5,0
DA:6,0
DA:9,0
DA:11,0
DA:12,0
DA:13,0
DA:14,0
DA:16,0
LF:11
LH:0
BRF:0
BRH:0
end_of_record
TN:
SF:src\modules\agenda\agenda.schema.ts
FNF:0
FNH:0
DA:1,0
DA:4,0
DA:7,0
DA:18,0
DA:38,0
LF:5
LH:0
BRF:0
BRH:0
end_of_record
TN:
SF:src\modules\agenda\repositories\prisma-agenda.repository.ts
FN:6,(anonymous_8)
FN:12,(anonymous_10)
FN:26,(anonymous_12)
FN:37,(anonymous_14)
FN:44,(anonymous_16)
FN:47,(anonymous_18)
FN:47,(anonymous_19)
FN:59,(anonymous_20)
FN:70,(anonymous_21)
FN:76,(anonymous_23)
FN:84,(anonymous_25)
FNF:11
FNH:0
FNDA:0,(anonymous_8)
FNDA:0,(anonymous_10)
FNDA:0,(anonymous_12)
FNDA:0,(anonymous_14)
FNDA:0,(anonymous_16)
FNDA:0,(anonymous_18)
FNDA:0,(anonymous_19)
FNDA:0,(anonymous_20)
FNDA:0,(anonymous_21)
FNDA:0,(anonymous_23)
FNDA:0,(anonymous_25)
DA:1,0
DA:5,0
DA:7,0
DA:13,0
DA:27,0
DA:38,0
DA:45,0
DA:47,0
DA:48,0
DA:53,0
DA:55,0
DA:58,0
DA:59,0
DA:66,0
DA:71,0
DA:77,0
DA:81,0
DA:85,0
DA:89,0
LF:19
LH:0
BRDA:53,0,0,0
BRDA:53,0,1,0
BRDA:53,1,0,0
BRDA:53,1,1,0
BRF:4
BRH:0
end_of_record
TN:
SF:src\modules\agenda\use-cases\create-agenda.use-case.ts
FN:4,(anonymous_7)
FN:6,(anonymous_8)
FNF:2
FNH:2
FNDA:2,(anonymous_7)
FNDA:2,(anonymous_8)
DA:3,1
DA:4,2
DA:8,2
DA:10,2
DA:11,1
DA:14,1
LF:6
LH:6
BRDA:10,0,0,1
BRDA:10,0,1,1
BRF:2
BRH:2
end_of_record
TN:
SF:src\modules\agenda\use-cases\delete-agenda.use-case.ts
FN:4,(anonymous_7)
FN:6,(anonymous_8)
FNF:2
FNH:2
FNDA:2,(anonymous_7)
FNDA:2,(anonymous_8)
DA:3,1
DA:4,2
DA:7,2
DA:9,2
DA:10,1
DA:13,1
LF:6
LH:6
BRDA:9,0,0,1
BRDA:9,0,1,1
BRF:2
BRH:2
end_of_record
TN:
SF:src\modules\agenda\use-cases\get-all-agendas-by-user.use-case.ts
FN:4,(anonymous_7)
FN:6,(anonymous_8)
FNF:2
FNH:2
FNDA:2,(anonymous_7)
FNDA:2,(anonymous_8)
DA:3,1
DA:4,2
DA:7,2
LF:3
LH:3
BRF:0
BRH:0
end_of_record
TN:
SF:src\modules\agenda\use-cases\index.ts
FN:1,(anonymous_0)
FN:2,(anonymous_1)
FN:3,(anonymous_2)
FN:4,(anonymous_3)
FNF:4
FNH:0
FNDA:0,(anonymous_0)
FNDA:0,(anonymous_1)
FNDA:0,(anonymous_2)
FNDA:0,(anonymous_3)
DA:1,0
DA:2,0
DA:3,0
DA:4,0
LF:4
LH:0
BRF:0
BRH:0
end_of_record
TN:
SF:src\modules\agenda\use-cases\update-agenda.use-case.ts
FN:4,(anonymous_8)
FN:6,(anonymous_9)
FNF:2
FNH:2
FNDA:3,(anonymous_8)
FNDA:3,(anonymous_9)
DA:3,1
DA:4,3
DA:7,3
DA:9,3
DA:10,1
DA:14,2
DA:15,1
DA:19,1
DA:20,1
LF:9
LH:9
BRDA:9,0,0,1
BRDA:9,0,1,2
BRDA:14,1,0,1
BRDA:14,1,1,1
BRDA:14,2,0,2
BRDA:14,2,1,1
BRF:6
BRH:6
end_of_record
TN:
SF:src\modules\amizade\amizade.controller.ts
FN:7,(anonymous_7)
FN:12,(anonymous_8)
FN:40,(anonymous_10)
FNF:3
FNH:0
FNDA:0,(anonymous_7)
FNDA:0,(anonymous_8)
FNDA:0,(anonymous_10)
DA:3,0
DA:4,0
DA:5,0
DA:7,0
DA:8,0
DA:9,0
DA:10,0
DA:13,0
DA:14,0
DA:15,0
DA:17,0
DA:22,0
DA:24,0
DA:25,0
DA:26,0
DA:28,0
DA:29,0
DA:31,0
DA:32,0
DA:35,0
DA:36,0
DA:41,0
DA:42,0
DA:43,0
DA:45,0
DA:50,0
DA:52,0
DA:53,0
DA:55,0
DA:56,0
LF:30
LH:0
BRDA:24,0,0,0
BRDA:24,0,1,0
BRDA:25,1,0,0
BRDA:25,1,1,0
BRDA:28,2,0,0
BRDA:28,2,1,0
BRDA:31,3,0,0
BRDA:31,3,1,0
BRDA:52,4,0,0
BRDA:52,4,1,0
BRDA:52,5,0,0
BRDA:52,5,1,0
BRF:12
BRH:0
end_of_record
TN:
SF:src\modules\amizade\amizade.router.ts
FNF:0
FNH:0
DA:1,0
DA:2,0
DA:3,0
DA:5,0
DA:6,0
DA:9,0
DA:11,0
DA:12,0
DA:14,0
LF:9
LH:0
BRF:0
BRH:0
end_of_record
TN:
SF:src\modules\amizade\amizade.schema.ts
FNF:0
FNH:0
DA:1,0
DA:3,0
LF:2
LH:0
BRF:0
BRH:0
end_of_record
TN:
SF:src\modules\amizade\repositories\prisma-amizade.repository.ts
FN:6,(anonymous_7)
FN:15,(anonymous_9)
FN:26,(anonymous_11)
FN:39,(anonymous_13)
FNF:4
FNH:0
FNDA:0,(anonymous_7)
FNDA:0,(anonymous_9)
FNDA:0,(anonymous_11)
FNDA:0,(anonymous_13)
DA:1,0
DA:4,0
DA:7,0
DA:16,0
DA:27,0
DA:36,0
DA:40,0
DA:44,0
LF:8
LH:0
BRF:0
BRH:0
end_of_record
TN:
SF:src\modules\amizade\use-cases\follow-user.use-case.ts
FN:4,(anonymous_7)
FN:6,(anonymous_8)
FNF:2
FNH:2
FNDA:4,(anonymous_7)
FNDA:4,(anonymous_8)
DA:3,1
DA:4,4
DA:7,4
DA:10,4
DA:11,1
DA:15,3
DA:16,3
DA:17,1
DA:21,2
DA:22,2
DA:23,1
DA:26,1
LF:12
LH:12
BRDA:10,0,0,1
BRDA:10,0,1,3
BRDA:16,1,0,1
BRDA:16,1,1,2
BRDA:22,2,0,1
BRDA:22,2,1,1
BRF:6
BRH:6
end_of_record
TN:
SF:src\modules\amizade\use-cases\index.ts
FN:1,(anonymous_0)
FN:2,(anonymous_1)
FNF:2
FNH:0
FNDA:0,(anonymous_0)
FNDA:0,(anonymous_1)
DA:1,0
DA:2,0
LF:2
LH:0
BRF:0
BRH:0
end_of_record
TN:
SF:src\modules\amizade\use-cases\unfollow-user.use-case.ts
FN:4,(anonymous_7)
FN:6,(anonymous_8)
FNF:2
FNH:2
FNDA:2,(anonymous_7)
FNDA:2,(anonymous_8)
DA:3,1
DA:4,2
DA:7,2
DA:10,2
DA:11,2
DA:12,1
DA:15,1
LF:7
LH:7
BRDA:11,0,0,1
BRDA:11,0,1,1
BRF:2
BRH:2
end_of_record
TN:
SF:src\modules\atividade\atividade.controller.ts
FN:19,(anonymous_7)
FN:19,(anonymous_8)
FN:37,(anonymous_9)
FN:37,(anonymous_10)
FN:46,(anonymous_11)
FN:46,(anonymous_12)
FN:62,(anonymous_13)
FN:62,(anonymous_14)
FN:83,(anonymous_15)
FN:83,(anonymous_16)
FNF:10
FNH:0
FNDA:0,(anonymous_7)
FNDA:0,(anonymous_8)
FNDA:0,(anonymous_9)
FNDA:0,(anonymous_10)
FNDA:0,(anonymous_11)
FNDA:0,(anonymous_12)
FNDA:0,(anonymous_13)
FNDA:0,(anonymous_14)
FNDA:0,(anonymous_15)
FNDA:0,(anonymous_16)
DA:2,0
DA:3,0
DA:4,0
DA:5,0
DA:6,0
DA:7,0
DA:8,0
DA:11,0
DA:12,0
DA:13,0
DA:14,0
DA:15,0
DA:16,0
DA:18,0
DA:19,0
DA:20,0
DA:21,0
DA:22,0
DA:23,0
DA:25,0
DA:27,0
DA:28,0
DA:29,0
DA:33,0
DA:37,0
DA:38,0
DA:39,0
DA:40,0
DA:42,0
DA:46,0
DA:47,0
DA:48,0
DA:49,0
DA:50,0
DA:52,0
DA:53,0
DA:54,0
DA:58,0
DA:62,0
DA:63,0
DA:64,0
DA:65,0
DA:67,0
DA:68,0
DA:70,0
DA:71,0
DA:72,0
DA:74,0
DA:75,0
DA:79,0
DA:83,0
DA:84,0
DA:85,0
DA:86,0
DA:87,0
DA:89,0
DA:90,0
DA:91,0
DA:95,0
LF:59
LH:0
BRDA:27,0,0,0
BRDA:27,0,1,0
BRDA:28,1,0,0
BRDA:28,1,1,0
BRDA:52,2,0,0
BRDA:52,2,1,0
BRDA:53,3,0,0
BRDA:53,3,1,0
BRDA:70,4,0,0
BRDA:70,4,1,0
BRDA:71,5,0,0
BRDA:71,5,1,0
BRDA:74,6,0,0
BRDA:74,6,1,0
BRDA:89,7,0,0
BRDA:89,7,1,0
BRDA:90,8,0,0
BRDA:90,8,1,0
BRF:18
BRH:0
end_of_record
TN:
SF:src\modules\atividade\atividade.router.ts
FNF:0
FNH:0
DA:1,0
DA:2,0
DA:4,0
DA:6,0
DA:8,0
DA:9,0
DA:12,0
DA:13,0
DA:14,0
DA:16,0
LF:10
LH:0
BRF:0
BRH:0
end_of_record
TN:
SF:src\modules\atividade\atividade.schema.ts
FNF:0
FNH:0
DA:1,0
DA:3,0
DA:15,0
DA:30,0
LF:4
LH:0
BRF:0
BRH:0
end_of_record
TN:
SF:src\modules\atividade-ferramenta-sugerida\atividade-ferramenta-sugerida.controller.ts
FN:14,(anonymous_7)
FN:25,(anonymous_8)
FN:53,(anonymous_10)
FNF:3
FNH:0
FNDA:0,(anonymous_7)
FNDA:0,(anonymous_8)
FNDA:0,(anonymous_10)
DA:2,0
DA:3,0
DA:4,0
DA:9,0
DA:15,0
DA:16,0
DA:19,0
DA:26,0
DA:27,0
DA:28,0
DA:30,0
DA:35,0
DA:37,0
DA:38,0
DA:39,0
DA:41,0
DA:42,0
DA:44,0
DA:45,0
DA:48,0
DA:54,0
DA:55,0
DA:56,0
DA:58,0
DA:63,0
DA:65,0
DA:66,0
DA:67,0
DA:70,0
LF:29
LH:0
BRDA:37,0,0,0
BRDA:37,0,1,0
BRDA:38,1,0,0
BRDA:38,1,1,0
BRDA:41,2,0,0
BRDA:41,2,1,0
BRDA:44,3,0,0
BRDA:44,3,1,0
BRDA:65,4,0,0
BRDA:65,4,1,0
BRDA:66,5,0,0
BRDA:66,5,1,0
BRF:12
BRH:0
end_of_record
TN:
SF:src\modules\atividade-ferramenta-sugerida\atividade-ferramenta-sugerida.router.ts
FNF:0
FNH:0
DA:1,0
DA:2,0
DA:3,0
DA:5,0
DA:6,0
DA:8,0
DA:10,0
DA:11,0
DA:13,0
LF:9
LH:0
BRF:0
BRH:0
end_of_record
TN:
SF:src\modules\atividade-ferramenta-sugerida\atividade-ferramenta-sugerida.schema.ts
FNF:0
FNH:0
DA:1,0
DA:3,0
LF:2
LH:0
BRF:0
BRH:0
end_of_record
TN:
SF:src\modules\atividade-ferramenta-sugerida\repositories\prisma-atividade-ferramenta-sugerida.repository.ts
FN:10,(anonymous_7)
FN:24,(anonymous_9)
FN:35,(anonymous_11)
FN:48,(anonymous_13)
FN:56,(anonymous_15)
FNF:5
FNH:0
FNDA:0,(anonymous_7)
FNDA:0,(anonymous_9)
FNDA:0,(anonymous_11)
FNDA:0,(anonymous_13)
FNDA:0,(anonymous_15)
DA:1,0
DA:9,0
DA:11,0
DA:18,0
DA:25,0
DA:36,0
DA:45,0
DA:49,0
DA:53,0
DA:57,0
DA:61,0
LF:11
LH:0
BRF:0
BRH:0
end_of_record
TN:
SF:src\modules\atividade-ferramenta-sugerida\use-cases\create-atividade-ferramenta-sugerida.use-case.ts
FN:8,(anonymous_7)
FN:12,(anonymous_8)
FNF:2
FNH:2
FNDA:4,(anonymous_7)
FNDA:4,(anonymous_8)
DA:7,1
DA:9,4
DA:14,4
DA:15,4
DA:16,1
DA:20,3
DA:21,3
DA:22,1
DA:26,2
DA:27,2
DA:28,1
DA:31,1
LF:12
LH:12
BRDA:15,0,0,1
BRDA:15,0,1,3
BRDA:21,1,0,1
BRDA:21,1,1,2
BRDA:27,2,0,1
BRDA:27,2,1,1
BRF:6
BRH:6
end_of_record
TN:
SF:src\modules\atividade-ferramenta-sugerida\use-cases\delete-atividade-ferramenta-sugerida.use-case.ts
FN:7,(anonymous_7)
FN:11,(anonymous_8)
FNF:2
FNH:2
FNDA:2,(anonymous_7)
FNDA:2,(anonymous_8)
DA:6,1
DA:8,2
DA:13,2
DA:14,2
DA:15,1
DA:18,1
LF:6
LH:6
BRDA:14,0,0,1
BRDA:14,0,1,1
BRF:2
BRH:2
end_of_record
TN:
SF:src\modules\atividade-ferramenta-sugerida\use-cases\index.ts
FN:1,(anonymous_0)
FN:2,(anonymous_1)
FNF:2
FNH:0
FNDA:0,(anonymous_0)
FNDA:0,(anonymous_1)
DA:1,0
DA:2,0
LF:2
LH:0
BRF:0
BRH:0
end_of_record
TN:
SF:src\modules\atividade-recurso\atividade-recurso.controller.ts
FN:23,(anonymous_7)
FN:40,(anonymous_8)
FN:67,(anonymous_10)
FN:86,(anonymous_12)
FN:105,(anonymous_14)
FNF:5
FNH:0
FNDA:0,(anonymous_7)
FNDA:0,(anonymous_8)
FNDA:0,(anonymous_10)
FNDA:0,(anonymous_12)
FNDA:0,(anonymous_14)
DA:2,0
DA:8,0
DA:9,0
DA:16,0
DA:24,0
DA:25,0
DA:28,0
DA:31,0
DA:34,0
DA:41,0
DA:42,0
DA:44,0
DA:49,0
DA:51,0
DA:52,0
DA:53,0
DA:55,0
DA:56,0
DA:58,0
DA:59,0
DA:62,0
DA:68,0
DA:69,0
DA:70,0
DA:72,0
DA:74,0
DA:76,0
DA:77,0
DA:78,0
DA:81,0
DA:87,0
DA:88,0
DA:89,0
DA:91,0
DA:93,0
DA:95,0
DA:96,0
DA:97,0
DA:100,0
DA:106,0
DA:107,0
DA:108,0
DA:110,0
DA:115,0
DA:117,0
DA:118,0
DA:119,0
DA:122,0
LF:48
LH:0
BRDA:51,0,0,0
BRDA:51,0,1,0
BRDA:52,1,0,0
BRDA:52,1,1,0
BRDA:55,2,0,0
BRDA:55,2,1,0
BRDA:58,3,0,0
BRDA:58,3,1,0
BRDA:76,4,0,0
BRDA:76,4,1,0
BRDA:77,5,0,0
BRDA:77,5,1,0
BRDA:95,6,0,0
BRDA:95,6,1,0
BRDA:96,7,0,0
BRDA:96,7,1,0
BRDA:117,8,0,0
BRDA:117,8,1,0
BRDA:118,9,0,0
BRDA:118,9,1,0
BRF:20
BRH:0
end_of_record
TN:
SF:src\modules\atividade-recurso\atividade-recurso.router.ts
FNF:0
FNH:0
DA:1,0
DA:2,0
DA:3,0
DA:5,0
DA:6,0
DA:9,0
DA:12,0
DA:15,0
DA:18,0
DA:20,0
LF:10
LH:0
BRF:0
BRH:0
end_of_record
TN:
SF:src\modules\atividade-recurso\atividade-recurso.schema.ts
FNF:0
FNH:0
DA:1,0
DA:3,0
DA:10,0
DA:17,0
DA:23,0
LF:5
LH:0
BRF:0
BRH:0
end_of_record
TN:
SF:src\modules\atividade-recurso-sugerido\atividade-recurso-sugerido.controller.ts
FN:14,(anonymous_7)
FN:25,(anonymous_8)
FN:53,(anonymous_10)
FNF:3
FNH:0
FNDA:0,(anonymous_7)
FNDA:0,(anonymous_8)
FNDA:0,(anonymous_10)
DA:2,0
DA:3,0
DA:4,0
DA:9,0
DA:15,0
DA:16,0
DA:19,0
DA:26,0
DA:27,0
DA:28,0
DA:30,0
DA:35,0
DA:37,0
DA:38,0
DA:39,0
DA:41,0
DA:42,0
DA:44,0
DA:45,0
DA:48,0
DA:54,0
DA:55,0
DA:56,0
DA:58,0
DA:63,0
DA:65,0
DA:66,0
DA:67,0
DA:70,0
LF:29
LH:0
BRDA:37,0,0,0
BRDA:37,0,1,0
BRDA:38,1,0,0
BRDA:38,1,1,0
BRDA:41,2,0,0
BRDA:41,2,1,0
BRDA:44,3,0,0
BRDA:44,3,1,0
BRDA:65,4,0,0
BRDA:65,4,1,0
BRDA:66,5,0,0
BRDA:66,5,1,0
BRF:12
BRH:0
end_of_record
TN:
SF:src\modules\atividade-recurso-sugerido\atividade-recurso-sugerido.router.ts
FNF:0
FNH:0
DA:1,0
DA:2,0
DA:3,0
DA:5,0
DA:6,0
DA:8,0
DA:9,0
DA:11,0
LF:8
LH:0
BRF:0
BRH:0
end_of_record
TN:
SF:src\modules\atividade-recurso-sugerido\atividade-recurso-sugerido.schema.ts
FNF:0
FNH:0
DA:1,0
DA:3,0
LF:2
LH:0
BRF:0
BRH:0
end_of_record
TN:
SF:src\modules\atividade-recurso-sugerido\repositories\prisma-atividade-recurso-sugerido.repository.ts
FN:10,(anonymous_7)
FN:24,(anonymous_9)
FN:35,(anonymous_11)
FN:48,(anonymous_13)
FN:56,(anonymous_15)
FNF:5
FNH:0
FNDA:0,(anonymous_7)
FNDA:0,(anonymous_9)
FNDA:0,(anonymous_11)
FNDA:0,(anonymous_13)
FNDA:0,(anonymous_15)
DA:1,0
DA:9,0
DA:11,0
DA:18,0
DA:25,0
DA:36,0
DA:45,0
DA:49,0
DA:53,0
DA:57,0
DA:61,0
LF:11
LH:0
BRF:0
BRH:0
end_of_record
TN:
SF:src\modules\atividade-recurso-sugerido\use-cases\create-atividade-recurso-sugerido.use-case.ts
FN:8,(anonymous_7)
FN:12,(anonymous_8)
FNF:2
FNH:2
FNDA:4,(anonymous_7)
FNDA:4,(anonymous_8)
DA:7,1
DA:9,4
DA:14,4
DA:15,4
DA:16,1
DA:20,3
DA:21,3
DA:22,1
DA:26,2
DA:30,2
DA:31,1
DA:35,1
LF:12
LH:12
BRDA:15,0,0,1
BRDA:15,0,1,3
BRDA:21,1,0,1
BRDA:21,1,1,2
BRDA:30,2,0,1
BRDA:30,2,1,1
BRF:6
BRH:6
end_of_record
TN:
SF:src\modules\atividade-recurso-sugerido\use-cases\delete-atividade-recurso-sugerido.use-case.ts
FN:7,(anonymous_7)
FN:11,(anonymous_8)
FNF:2
FNH:2
FNDA:2,(anonymous_7)
FNDA:2,(anonymous_8)
DA:6,1
DA:8,2
DA:13,2
DA:17,2
DA:18,1
DA:22,1
LF:6
LH:6
BRDA:17,0,0,1
BRDA:17,0,1,1
BRF:2
BRH:2
end_of_record
TN:
SF:src\modules\atividade-recurso-sugerido\use-cases\index.ts
FN:1,(anonymous_0)
FN:2,(anonymous_1)
FNF:2
FNH:0
FNDA:0,(anonymous_0)
FNDA:0,(anonymous_1)
DA:1,0
DA:2,0
LF:2
LH:0
BRF:0
BRH:0
end_of_record
TN:
SF:src\modules\atividade-recurso\repositories\prisma-atividade-recurso.repository.ts
FN:12,(anonymous_7)
FN:26,(anonymous_9)
FN:37,(anonymous_11)
FN:43,(anonymous_13)
FN:53,(anonymous_14)
FN:59,(anonymous_16)
FN:71,(anonymous_17)
FN:84,(anonymous_19)
FN:92,(anonymous_21)
FNF:9
FNH:0
FNDA:0,(anonymous_7)
FNDA:0,(anonymous_9)
FNDA:0,(anonymous_11)
FNDA:0,(anonymous_13)
FNDA:0,(anonymous_14)
FNDA:0,(anonymous_16)
FNDA:0,(anonymous_17)
FNDA:0,(anonymous_19)
FNDA:0,(anonymous_21)
DA:1,0
DA:11,0
DA:13,0
DA:20,0
DA:27,0
DA:38,0
DA:43,0
DA:54,0
DA:59,0
DA:72,0
DA:81,0
DA:85,0
DA:89,0
DA:93,0
DA:97,0
LF:15
LH:0
BRF:0
BRH:0
end_of_record
TN:
SF:src\modules\atividade-recurso\use-cases\create-atividade-recurso.use-case.ts
FN:8,(anonymous_7)
FN:12,(anonymous_8)
FNF:2
FNH:2
FNDA:4,(anonymous_7)
FNDA:4,(anonymous_8)
DA:7,1
DA:9,4
DA:14,4
DA:15,4
DA:16,1
DA:20,3
DA:21,3
DA:22,1
DA:26,2
DA:27,2
DA:28,1
DA:31,1
LF:12
LH:12
BRDA:15,0,0,1
BRDA:15,0,1,3
BRDA:21,1,0,1
BRDA:21,1,1,2
BRDA:27,2,0,1
BRDA:27,2,1,1
BRF:6
BRH:6
end_of_record
TN:
SF:src\modules\atividade-recurso\use-cases\delete-atividade-recurso.use-case.ts
FN:7,(anonymous_7)
FN:11,(anonymous_8)
FNF:2
FNH:2
FNDA:2,(anonymous_7)
FNDA:2,(anonymous_8)
DA:6,1
DA:8,2
DA:13,2
DA:14,2
DA:15,1
DA:18,1
LF:6
LH:6
BRDA:14,0,0,1
BRDA:14,0,1,1
BRF:2
BRH:2
end_of_record
TN:
SF:src\modules\atividade-recurso\use-cases\get-atividades-by-tipo-recurso.use-case.ts
FN:7,(anonymous_7)
FN:11,(anonymous_8)
FNF:2
FNH:2
FNDA:2,(anonymous_7)
FNDA:2,(anonymous_8)
DA:6,1
DA:8,2
DA:13,2
DA:14,2
DA:15,1
DA:18,1
LF:6
LH:6
BRDA:14,0,0,1
BRDA:14,0,1,1
BRF:2
BRH:2
end_of_record
TN:
SF:src\modules\atividade-recurso\use-cases\get-recursos-by-atividade.use-case.ts
FN:7,(anonymous_7)
FN:11,(anonymous_8)
FNF:2
FNH:2
FNDA:2,(anonymous_7)
FNDA:2,(anonymous_8)
DA:6,1
DA:8,2
DA:13,2
DA:14,2
DA:15,1
DA:18,1
LF:6
LH:6
BRDA:14,0,0,1
BRDA:14,0,1,1
BRF:2
BRH:2
end_of_record
TN:
SF:src\modules\atividade-recurso\use-cases\index.ts
FN:1,(anonymous_0)
FN:2,(anonymous_1)
FN:3,(anonymous_2)
FN:4,(anonymous_3)
FNF:4
FNH:0
FNDA:0,(anonymous_0)
FNDA:0,(anonymous_1)
FNDA:0,(anonymous_2)
FNDA:0,(anonymous_3)
DA:1,0
DA:2,0
DA:3,0
DA:4,0
LF:4
LH:0
BRF:0
BRH:0
end_of_record
TN:
SF:src\modules\atividade\repositories\prisma-atividade.repository.ts
FN:11,(anonymous_8)
FN:19,(anonymous_10)
FN:27,(anonymous_12)
FN:73,(anonymous_14)
FN:84,(anonymous_16)
FN:90,(anonymous_18)
FN:98,(anonymous_20)
FNF:7
FNH:0
FNDA:0,(anonymous_8)
FNDA:0,(anonymous_10)
FNDA:0,(anonymous_12)
FNDA:0,(anonymous_14)
FNDA:0,(anonymous_16)
FNDA:0,(anonymous_18)
FNDA:0,(anonymous_20)
DA:1,0
DA:10,0
DA:12,0
DA:16,0
DA:20,0
DA:24,0
DA:28,0
DA:70,0
DA:74,0
DA:76,0
DA:81,0
DA:85,0
DA:91,0
DA:95,0
DA:99,0
DA:106,0
LF:16
LH:0
BRF:0
BRH:0
end_of_record
TN:
SF:src\modules\atividade\use-cases\create-atividade.use-case.ts
FN:10,(anonymous_7)
FN:12,(anonymous_8)
FNF:2
FNH:2
FNDA:3,(anonymous_7)
FNDA:3,(anonymous_8)
DA:9,1
DA:10,3
DA:14,3
DA:16,3
DA:17,1
DA:21,2
DA:23,2
LF:7
LH:7
BRDA:16,0,0,1
BRDA:16,0,1,2
BRF:2
BRH:2
end_of_record
TN:
SF:src\modules\atividade\use-cases\delete-atividade.use-case.ts
FN:4,(anonymous_7)
FN:6,(anonymous_8)
FNF:2
FNH:2
FNDA:3,(anonymous_7)
FNDA:3,(anonymous_8)
DA:3,1
DA:4,3
DA:8,3
DA:10,3
DA:11,1
DA:15,2
LF:6
LH:6
BRDA:10,0,0,1
BRDA:10,0,1,2
BRF:2
BRH:2
end_of_record
TN:
SF:src\modules\atividade\use-cases\get-all-atividades.use-case.ts
FN:7,(anonymous_7)
FN:9,(anonymous_8)
FNF:2
FNH:2
FNDA:2,(anonymous_7)
FNDA:2,(anonymous_8)
DA:6,1
DA:7,2
DA:10,2
DA:11,2
LF:4
LH:4
BRF:0
BRH:0
end_of_record
TN:
SF:src\modules\atividade\use-cases\get-atividade-by-id.use-case.ts
FN:7,(anonymous_7)
FN:9,(anonymous_8)
FNF:2
FNH:2
FNDA:3,(anonymous_7)
FNDA:3,(anonymous_8)
DA:6,1
DA:7,3
DA:10,3
DA:12,3
DA:13,1
DA:16,2
LF:6
LH:6
BRDA:12,0,0,1
BRDA:12,0,1,2
BRF:2
BRH:2
end_of_record
TN:
SF:src\modules\atividade\use-cases\update-atividade.use-case.ts
FN:10,(anonymous_7)
FN:12,(anonymous_8)
FNF:2
FNH:2
FNDA:4,(anonymous_7)
FNDA:4,(anonymous_8)
DA:9,1
DA:10,4
DA:14,4
DA:16,4
DA:17,1
DA:21,3
DA:22,2
DA:27,2
DA:28,1
DA:33,2
DA:35,2
LF:11
LH:11
BRDA:16,0,0,1
BRDA:16,0,1,3
BRDA:21,1,0,2
BRDA:21,1,1,1
BRDA:27,2,0,1
BRDA:27,2,1,1
BRF:6
BRH:6
end_of_record
TN:
SF:src\modules\auth\auth.controller.ts
FN:21,(anonymous_7)
FN:21,(anonymous_8)
FN:45,(anonymous_9)
FN:45,(anonymous_10)
FN:66,(anonymous_11)
FN:66,(anonymous_12)
FN:85,(anonymous_13)
FN:85,(anonymous_14)
FNF:8
FNH:0
FNDA:0,(anonymous_7)
FNDA:0,(anonymous_8)
FNDA:0,(anonymous_9)
FNDA:0,(anonymous_10)
FNDA:0,(anonymous_11)
FNDA:0,(anonymous_12)
FNDA:0,(anonymous_13)
FNDA:0,(anonymous_14)
DA:3,0
DA:4,0
DA:5,0
DA:6,0
DA:7,0
DA:10,0
DA:11,0
DA:12,0
DA:15,0
DA:16,0
DA:17,0
DA:18,0
DA:20,0
DA:21,0
DA:22,0
DA:23,0
DA:25,0
DA:33,0
DA:35,0
DA:36,0
DA:37,0
DA:39,0
DA:41,0
DA:45,0
DA:46,0
DA:47,0
DA:49,0
DA:54,0
DA:56,0
DA:57,0
DA:58,0
DA:60,0
DA:62,0
DA:66,0
DA:67,0
DA:68,0
DA:69,0
DA:71,0
DA:72,0
DA:73,0
DA:75,0
DA:76,0
DA:77,0
DA:79,0
DA:81,0
DA:85,0
DA:86,0
DA:87,0
DA:88,0
DA:90,0
DA:91,0
DA:93,0
DA:98,0
DA:100,0
DA:101,0
DA:102,0
DA:104,0
DA:106,0
LF:58
LH:0
BRDA:35,0,0,0
BRDA:35,0,1,0
BRDA:36,1,0,0
BRDA:36,1,1,0
BRDA:56,2,0,0
BRDA:56,2,1,0
BRDA:57,3,0,0
BRDA:57,3,1,0
BRDA:67,4,0,0
BRDA:67,4,1,0
BRDA:67,5,0,0
BRDA:67,5,1,0
BRDA:68,6,0,0
BRDA:68,6,1,0
BRDA:75,7,0,0
BRDA:75,7,1,0
BRDA:76,8,0,0
BRDA:76,8,1,0
BRDA:86,9,0,0
BRDA:86,9,1,0
BRDA:86,10,0,0
BRDA:86,10,1,0
BRDA:87,11,0,0
BRDA:87,11,1,0
BRDA:100,12,0,0
BRDA:100,12,1,0
BRDA:101,13,0,0
BRDA:101,13,1,0
BRF:28
BRH:0
end_of_record
TN:
SF:src\modules\auth\auth.router.ts
FNF:0
FNH:0
DA:1,0
DA:2,0
DA:3,0
DA:5,0
DA:7,0
DA:8,0
DA:11,0
DA:12,0
DA:14,0
LF:9
LH:0
BRF:0
BRH:0
end_of_record
TN:
SF:src\modules\auth\auth.schema.ts
FNF:0
FNH:0
DA:1,0
DA:3,0
DA:15,0
DA:24,0
LF:4
LH:0
BRF:0
BRH:0
end_of_record
TN:
SF:src\modules\auth\repositories\prisma-auth.repository.ts
FN:5,(anonymous_8)
FN:11,(anonymous_10)
FN:38,(anonymous_12)
FN:86,(anonymous_14)
FNF:4
FNH:0
FNDA:0,(anonymous_8)
FNDA:0,(anonymous_10)
FNDA:0,(anonymous_12)
FNDA:0,(anonymous_14)
DA:1,0
DA:4,0
DA:6,0
DA:12,0
DA:14,0
DA:35,0
DA:39,0
DA:83,0
DA:87,0
DA:105,0
LF:10
LH:0
BRDA:18,0,0,0
BRDA:18,0,1,0
BRF:2
BRH:0
end_of_record
TN:
SF:src\modules\auth\services\password.service.ts
FN:5,(anonymous_8)
FN:9,(anonymous_10)
FNF:2
FNH:0
FNDA:0,(anonymous_8)
FNDA:0,(anonymous_10)
DA:1,0
DA:4,0
DA:6,0
DA:10,0
LF:4
LH:0
BRF:0
BRH:0
end_of_record
TN:
SF:src\modules\auth\services\token.service.ts
FN:5,(anonymous_9)
FNF:1
FNH:0
FNDA:0,(anonymous_9)
DA:1,0
DA:4,0
DA:6,0
LF:3
LH:0
BRF:0
BRH:0
end_of_record
TN:
SF:src\modules\auth\use-cases\get-me.use-case.ts
FN:4,(anonymous_7)
FN:6,(anonymous_8)
FNF:2
FNH:2
FNDA:4,(anonymous_7)
FNDA:4,(anonymous_8)
DA:3,1
DA:4,4
DA:7,4
DA:8,4
DA:10,2
DA:11,1
DA:14,1
DA:16,3
DA:17,2
DA:19,1
LF:10
LH:10
BRDA:10,0,0,1
BRDA:10,0,1,1
BRDA:16,1,0,2
BRDA:16,1,1,1
BRF:4
BRH:4
end_of_record
TN:
SF:src\modules\auth\use-cases\index.ts
FN:1,(anonymous_0)
FN:2,(anonymous_1)
FN:3,(anonymous_2)
FN:4,(anonymous_3)
FNF:4
FNH:0
FNDA:0,(anonymous_0)
FNDA:0,(anonymous_1)
FNDA:0,(anonymous_2)
FNDA:0,(anonymous_3)
DA:1,0
DA:2,0
DA:3,0
DA:4,0
LF:4
LH:0
BRF:0
BRH:0
end_of_record
TN:
SF:src\modules\auth\use-cases\login.use-case.ts
FN:4,(anonymous_8)
FN:10,(anonymous_9)
FNF:2
FNH:2
FNDA:5,(anonymous_8)
FNDA:5,(anonymous_9)
DA:3,1
DA:5,5
DA:6,5
DA:7,5
DA:11,5
DA:13,5
DA:14,3
DA:15,1
DA:19,2
DA:20,2
DA:21,1
DA:25,1
DA:28,1
DA:30,1
DA:35,4
DA:36,3
DA:38,1
LF:17
LH:17
BRDA:14,0,0,1
BRDA:14,0,1,2
BRDA:20,1,0,1
BRDA:20,1,1,1
BRDA:35,2,0,3
BRDA:35,2,1,1
BRF:6
BRH:6
end_of_record
TN:
SF:src\modules\auth\use-cases\register.use-case.ts
FN:4,(anonymous_7)
FN:9,(anonymous_8)
FNF:2
FNH:2
FNDA:4,(anonymous_7)
FNDA:4,(anonymous_8)
DA:3,1
DA:5,4
DA:6,4
DA:10,4
DA:12,4
DA:13,4
DA:14,1
DA:18,3
DA:21,3
DA:26,1
DA:28,3
DA:29,2
DA:31,1
LF:13
LH:13
BRDA:13,0,0,1
BRDA:13,0,1,3
BRDA:28,1,0,2
BRDA:28,1,1,1
BRF:4
BRH:4
end_of_record
TN:
SF:src\modules\auth\use-cases\update-me.use-case.ts
FN:4,(anonymous_8)
FN:6,(anonymous_9)
FNF:2
FNH:2
FNDA:6,(anonymous_8)
FNDA:6,(anonymous_9)
DA:3,1
DA:4,6
DA:7,6
DA:9,6
DA:10,4
DA:11,1
DA:15,3
DA:16,3
DA:18,2
DA:20,4
DA:21,3
DA:23,1
LF:12
LH:12
BRDA:10,0,0,1
BRDA:10,0,1,3
BRDA:20,1,0,3
BRDA:20,1,1,1
BRF:4
BRH:4
end_of_record
TN:
SF:src\modules\especie\especie.controller.ts
FN:23,(anonymous_7)
FN:23,(anonymous_8)
FN:41,(anonymous_9)
FN:41,(anonymous_10)
FN:51,(anonymous_11)
FN:51,(anonymous_12)
FN:69,(anonymous_13)
FN:69,(anonymous_14)
FN:92,(anonymous_15)
FN:92,(anonymous_16)
FNF:10
FNH:0
FNDA:0,(anonymous_7)
FNDA:0,(anonymous_8)
FNDA:0,(anonymous_9)
FNDA:0,(anonymous_10)
FNDA:0,(anonymous_11)
FNDA:0,(anonymous_12)
FNDA:0,(anonymous_13)
FNDA:0,(anonymous_14)
FNDA:0,(anonymous_15)
FNDA:0,(anonymous_16)
DA:2,0
DA:7,0
DA:8,0
DA:9,0
DA:10,0
DA:11,0
DA:12,0
DA:15,0
DA:16,0
DA:17,0
DA:18,0
DA:19,0
DA:20,0
DA:22,0
DA:23,0
DA:24,0
DA:25,0
DA:26,0
DA:27,0
DA:29,0
DA:31,0
DA:32,0
DA:33,0
DA:37,0
DA:41,0
DA:42,0
DA:43,0
DA:44,0
DA:46,0
DA:47,0
DA:51,0
DA:52,0
DA:53,0
DA:54,0
DA:55,0
DA:57,0
DA:59,0
DA:60,0
DA:61,0
DA:65,0
DA:69,0
DA:70,0
DA:71,0
DA:72,0
DA:74,0
DA:75,0
DA:77,0
DA:79,0
DA:80,0
DA:81,0
DA:83,0
DA:84,0
DA:88,0
DA:92,0
DA:93,0
DA:94,0
DA:95,0
DA:96,0
DA:98,0
DA:100,0
DA:101,0
DA:102,0
DA:106,0
LF:63
LH:0
BRDA:31,0,0,0
BRDA:31,0,1,0
BRDA:32,1,0,0
BRDA:32,1,1,0
BRDA:59,2,0,0
BRDA:59,2,1,0
BRDA:60,3,0,0
BRDA:60,3,1,0
BRDA:79,4,0,0
BRDA:79,4,1,0
BRDA:80,5,0,0
BRDA:80,5,1,0
BRDA:83,6,0,0
BRDA:83,6,1,0
BRDA:100,7,0,0
BRDA:100,7,1,0
BRDA:101,8,0,0
BRDA:101,8,1,0
BRF:18
BRH:0
end_of_record
TN:
SF:src\modules\especie\especie.router.ts
FNF:0
FNH:0
DA:1,0
DA:2,0
DA:4,0
DA:6,0
DA:10,0
DA:11,0
DA:15,0
DA:16,0
DA:17,0
DA:19,0
LF:10
LH:0
BRF:0
BRH:0
end_of_record
TN:
SF:src\modules\especie\especie.schema.ts
FNF:0
FNH:0
DA:1,0
DA:4,0
DA:9,0
DA:32,0
DA:36,0
DA:47,0
LF:6
LH:0
BRF:0
BRH:0
end_of_record
TN:
SF:src\modules\especie\repositories\prisma-especie.repository.ts
FN:11,(anonymous_7)
FN:17,(anonymous_9)
FN:23,(anonymous_11)
FN:41,(anonymous_13)
FN:48,(anonymous_15)
FN:54,(anonymous_17)
FN:62,(anonymous_19)
FNF:7
FNH:0
FNDA:0,(anonymous_7)
FNDA:0,(anonymous_9)
FNDA:0,(anonymous_11)
FNDA:0,(anonymous_13)
FNDA:0,(anonymous_15)
FNDA:0,(anonymous_17)
FNDA:0,(anonymous_19)
DA:1,0
DA:10,0
DA:12,0
DA:18,0
DA:24,0
DA:42,0
DA:49,0
DA:55,0
DA:59,0
DA:63,0
DA:70,0
LF:11
LH:0
BRF:0
BRH:0
end_of_record
TN:
SF:src\modules\especie\use-cases\create-especie.use-case.ts
FN:8,(anonymous_7)
FN:10,(anonymous_8)
FNF:2
FNH:2
FNDA:3,(anonymous_7)
FNDA:3,(anonymous_8)
DA:7,1
DA:8,3
DA:12,3
DA:13,3
DA:14,1
DA:17,2
LF:6
LH:6
BRDA:13,0,0,1
BRDA:13,0,1,2
BRF:2
BRH:2
end_of_record
TN:
SF:src\modules\especie\use-cases\delete-especie.use-case.ts
FN:4,(anonymous_7)
FN:6,(anonymous_8)
FNF:2
FNH:2
FNDA:3,(anonymous_7)
FNDA:3,(anonymous_8)
DA:3,1
DA:4,3
DA:8,3
DA:9,3
DA:10,1
DA:13,2
LF:6
LH:6
BRDA:9,0,0,1
BRDA:9,0,1,2
BRF:2
BRH:2
end_of_record
TN:
SF:src\modules\especie\use-cases\get-all-especies.use-case.ts
FN:7,(anonymous_7)
FN:9,(anonymous_8)
FNF:2
FNH:2
FNDA:2,(anonymous_7)
FNDA:2,(anonymous_8)
DA:6,1
DA:7,2
DA:10,2
LF:3
LH:3
BRF:0
BRH:0
end_of_record
TN:
SF:src\modules\especie\use-cases\get-especie-by-id.use-case.ts
FN:7,(anonymous_7)
FN:9,(anonymous_8)
FNF:2
FNH:2
FNDA:3,(anonymous_7)
FNDA:3,(anonymous_8)
DA:6,1
DA:7,3
DA:10,3
DA:12,3
DA:13,1
DA:16,2
LF:6
LH:6
BRDA:12,0,0,1
BRDA:12,0,1,2
BRF:2
BRH:2
end_of_record
TN:
SF:src\modules\especie\use-cases\update-especie.use-case.ts
FN:12,(anonymous_8)
FN:14,(anonymous_9)
FNF:2
FNH:2
FNDA:4,(anonymous_8)
FNDA:4,(anonymous_9)
DA:11,1
DA:12,4
DA:15,4
DA:18,4
DA:19,4
DA:20,1
DA:24,3
DA:25,2
DA:29,2
DA:30,1
DA:34,2
LF:11
LH:11
BRDA:19,0,0,1
BRDA:19,0,1,3
BRDA:24,1,0,2
BRDA:24,1,1,1
BRDA:29,2,0,1
BRDA:29,2,1,1
BRF:6
BRH:6
end_of_record
TN:
SF:src\modules\ferramenta\ferramenta.controller.ts
FN:12,(anonymous_7)
FN:20,(anonymous_8)
FN:34,(anonymous_10)
FN:44,(anonymous_12)
FN:58,(anonymous_14)
FN:77,(anonymous_16)
FNF:6
FNH:0
FNDA:0,(anonymous_7)
FNDA:0,(anonymous_8)
FNDA:0,(anonymous_10)
FNDA:0,(anonymous_12)
FNDA:0,(anonymous_14)
FNDA:0,(anonymous_16)
DA:2,0
DA:3,0
DA:4,0
DA:12,0
DA:13,0
DA:14,0
DA:15,0
DA:16,0
DA:17,0
DA:18,0
DA:21,0
DA:22,0
DA:23,0
DA:24,0
DA:26,0
DA:27,0
DA:29,0
DA:30,0
DA:35,0
DA:36,0
DA:37,0
DA:39,0
DA:40,0
DA:45,0
DA:46,0
DA:47,0
DA:48,0
DA:50,0
DA:51,0
DA:53,0
DA:54,0
DA:59,0
DA:60,0
DA:61,0
DA:62,0
DA:64,0
DA:65,0
DA:66,0
DA:68,0
DA:69,0
DA:72,0
DA:73,0
DA:78,0
DA:79,0
DA:80,0
DA:81,0
DA:83,0
DA:84,0
DA:86,0
DA:87,0
LF:50
LH:0
BRDA:26,0,0,0
BRDA:26,0,1,0
BRDA:26,1,0,0
BRDA:26,1,1,0
BRDA:50,2,0,0
BRDA:50,2,1,0
BRDA:50,3,0,0
BRDA:50,3,1,0
BRDA:64,4,0,0
BRDA:64,4,1,0
BRDA:65,5,0,0
BRDA:65,5,1,0
BRDA:68,6,0,0
BRDA:68,6,1,0
BRDA:83,7,0,0
BRDA:83,7,1,0
BRDA:83,8,0,0
BRDA:83,8,1,0
BRF:18
BRH:0
end_of_record
TN:
SF:src\modules\ferramenta\ferramenta.router.ts
FNF:0
FNH:0
DA:1,0
DA:2,0
DA:3,0
DA:6,0
DA:7,0
DA:10,0
DA:11,0
DA:14,0
DA:15,0
DA:16,0
DA:18,0
LF:11
LH:0
BRF:0
BRH:0
end_of_record
TN:
SF:src\modules\ferramenta\ferramenta.schema.ts
FNF:0
FNH:0
DA:1,0
DA:3,0
DA:10,0
DA:20,0
LF:4
LH:0
BRF:0
BRH:0
end_of_record
TN:
SF:src\modules\ferramenta\repositories\prisma-ferramenta.repository.ts
FN:6,(anonymous_7)
FN:12,(anonymous_9)
FN:20,(anonymous_11)
FN:26,(anonymous_13)
FN:33,(anonymous_15)
FN:39,(anonymous_17)
FN:47,(anonymous_19)
FN:55,(anonymous_21)
FNF:8
FNH:0
FNDA:0,(anonymous_7)
FNDA:0,(anonymous_9)
FNDA:0,(anonymous_11)
FNDA:0,(anonymous_13)
FNDA:0,(anonymous_15)
FNDA:0,(anonymous_17)
FNDA:0,(anonymous_19)
FNDA:0,(anonymous_21)
DA:1,0
DA:5,0
DA:7,0
DA:13,0
DA:21,0
DA:27,0
DA:34,0
DA:40,0
DA:44,0
DA:48,0
DA:52,0
DA:56,0
DA:63,0
LF:13
LH:0
BRF:0
BRH:0
end_of_record
TN:
SF:src\modules\ferramenta\use-cases\create-ferramenta.use-case.ts
FN:5,(anonymous_7)
FN:7,(anonymous_8)
FNF:2
FNH:2
FNDA:3,(anonymous_7)
FNDA:3,(anonymous_8)
DA:4,1
DA:5,3
DA:9,3
DA:10,3
DA:11,1
DA:14,2
LF:6
LH:6
BRDA:10,0,0,1
BRDA:10,0,1,2
BRF:2
BRH:2
end_of_record
TN:
SF:src\modules\ferramenta\use-cases\delete-ferramenta.use-case.ts
FN:4,(anonymous_7)
FN:6,(anonymous_8)
FNF:2
FNH:2
FNDA:2,(anonymous_7)
FNDA:2,(anonymous_8)
DA:3,1
DA:4,2
DA:8,2
DA:9,2
DA:10,1
DA:13,1
LF:6
LH:6
BRDA:9,0,0,1
BRDA:9,0,1,1
BRF:2
BRH:2
end_of_record
TN:
SF:src\modules\ferramenta\use-cases\get-all-ferramentas.use-case.ts
FN:5,(anonymous_7)
FN:7,(anonymous_8)
FNF:2
FNH:2
FNDA:2,(anonymous_7)
FNDA:2,(anonymous_8)
DA:4,1
DA:5,2
DA:8,2
LF:3
LH:3
BRF:0
BRH:0
end_of_record
TN:
SF:src\modules\ferramenta\use-cases\get-ferramenta-by-id.use-case.ts
FN:5,(anonymous_7)
FN:7,(anonymous_8)
FNF:2
FNH:2
FNDA:2,(anonymous_7)
FNDA:2,(anonymous_8)
DA:4,1
DA:5,2
DA:8,2
DA:9,2
DA:10,1
DA:13,1
LF:6
LH:6
BRDA:9,0,0,1
BRDA:9,0,1,1
BRF:2
BRH:2
end_of_record
TN:
SF:src\modules\ferramenta\use-cases\index.ts
FN:1,(anonymous_0)
FN:2,(anonymous_1)
FN:3,(anonymous_2)
FN:4,(anonymous_3)
FN:5,(anonymous_4)
FNF:5
FNH:0
FNDA:0,(anonymous_0)
FNDA:0,(anonymous_1)
FNDA:0,(anonymous_2)
FNDA:0,(anonymous_3)
FNDA:0,(anonymous_4)
DA:1,0
DA:2,0
DA:3,0
DA:4,0
DA:5,0
LF:5
LH:0
BRF:0
BRH:0
end_of_record
TN:
SF:src\modules\ferramenta\use-cases\update-ferramenta.use-case.ts
FN:5,(anonymous_7)
FN:7,(anonymous_8)
FNF:2
FNH:2
FNDA:4,(anonymous_7)
FNDA:4,(anonymous_8)
DA:4,1
DA:5,4
DA:9,4
DA:10,4
DA:11,1
DA:15,3
DA:16,2
DA:17,2
DA:18,1
DA:22,2
LF:10
LH:10
BRDA:10,0,0,1
BRDA:10,0,1,3
BRDA:15,1,0,2
BRDA:15,1,1,1
BRDA:17,2,0,1
BRDA:17,2,1,1
BRF:6
BRH:6
end_of_record
TN:
SF:src\modules\foto\foto.controller.ts
FN:19,(anonymous_7)
FN:28,(anonymous_8)
FN:51,(anonymous_10)
FN:74,(anonymous_12)
FN:97,(anonymous_14)
FN:120,(anonymous_16)
FNF:6
FNH:0
FNDA:0,(anonymous_7)
FNDA:0,(anonymous_8)
FNDA:0,(anonymous_10)
FNDA:0,(anonymous_12)
FNDA:0,(anonymous_14)
FNDA:0,(anonymous_16)
DA:2,0
DA:3,0
DA:4,0
DA:12,0
DA:20,0
DA:21,0
DA:22,0
DA:23,0
DA:24,0
DA:25,0
DA:29,0
DA:30,0
DA:31,0
DA:33,0
DA:34,0
DA:37,0
DA:39,0
DA:41,0
DA:43,0
DA:44,0
DA:47,0
DA:52,0
DA:53,0
DA:54,0
DA:56,0
DA:57,0
DA:60,0
DA:62,0
DA:64,0
DA:66,0
DA:67,0
DA:70,0
DA:75,0
DA:76,0
DA:77,0
DA:79,0
DA:80,0
DA:83,0
DA:85,0
DA:87,0
DA:89,0
DA:90,0
DA:93,0
DA:98,0
DA:99,0
DA:100,0
DA:102,0
DA:103,0
DA:106,0
DA:108,0
DA:110,0
DA:112,0
DA:113,0
DA:116,0
DA:121,0
DA:122,0
DA:123,0
DA:125,0
DA:126,0
DA:129,0
DA:131,0
DA:133,0
DA:135,0
DA:136,0
DA:139,0
LF:65
LH:0
BRDA:31,0,0,0
BRDA:31,0,1,0
BRDA:31,1,0,0
BRDA:31,1,1,0
BRDA:33,2,0,0
BRDA:33,2,1,0
BRDA:43,3,0,0
BRDA:43,3,1,0
BRDA:43,4,0,0
BRDA:43,4,1,0
BRDA:54,5,0,0
BRDA:54,5,1,0
BRDA:54,6,0,0
BRDA:54,6,1,0
BRDA:56,7,0,0
BRDA:56,7,1,0
BRDA:66,8,0,0
BRDA:66,8,1,0
BRDA:66,9,0,0
BRDA:66,9,1,0
BRDA:77,10,0,0
BRDA:77,10,1,0
BRDA:77,11,0,0
BRDA:77,11,1,0
BRDA:79,12,0,0
BRDA:79,12,1,0
BRDA:89,13,0,0
BRDA:89,13,1,0
BRDA:89,14,0,0
BRDA:89,14,1,0
BRDA:100,15,0,0
BRDA:100,15,1,0
BRDA:100,16,0,0
BRDA:100,16,1,0
BRDA:102,17,0,0
BRDA:102,17,1,0
BRDA:112,18,0,0
BRDA:112,18,1,0
BRDA:112,19,0,0
BRDA:112,19,1,0
BRDA:123,20,0,0
BRDA:123,20,1,0
BRDA:123,21,0,0
BRDA:123,21,1,0
BRDA:125,22,0,0
BRDA:125,22,1,0
BRDA:135,23,0,0
BRDA:135,23,1,0
BRDA:135,24,0,0
BRDA:135,24,1,0
BRF:50
BRH:0
end_of_record
TN:
SF:src\modules\foto\foto.router.ts
FNF:0
FNH:0
DA:1,0
DA:2,0
DA:3,0
DA:5,0
DA:6,0
DA:9,0
DA:11,0
DA:12,0
DA:13,0
DA:14,0
DA:15,0
DA:17,0
LF:12
LH:0
BRF:0
BRH:0
end_of_record
TN:
SF:src\modules\foto\foto.schema.ts
FNF:0
FNH:0
DA:1,0
DA:3,0
DA:13,0
DA:24,0
DA:30,0
LF:5
LH:0
BRF:0
BRH:0
end_of_record
TN:
SF:src\modules\foto\repositories\prisma-foto.repository.ts
FN:5,(anonymous_7)
FN:11,(anonymous_9)
FN:18,(anonymous_11)
FN:24,(anonymous_13)
FN:31,(anonymous_15)
FN:37,(anonymous_17)
FN:45,(anonymous_19)
FNF:7
FNH:0
FNDA:0,(anonymous_7)
FNDA:0,(anonymous_9)
FNDA:0,(anonymous_11)
FNDA:0,(anonymous_13)
FNDA:0,(anonymous_15)
FNDA:0,(anonymous_17)
FNDA:0,(anonymous_19)
DA:1,0
DA:4,0
DA:6,0
DA:12,0
DA:19,0
DA:25,0
DA:32,0
DA:38,0
DA:42,0
DA:46,0
DA:50,0
LF:11
LH:0
BRF:0
BRH:0
end_of_record
TN:
SF:src\modules\foto\use-cases\create-foto.use-case.ts
FN:4,(anonymous_7)
FN:6,(anonymous_8)
FNF:2
FNH:2
FNDA:3,(anonymous_7)
FNDA:3,(anonymous_8)
DA:3,1
DA:4,3
DA:8,3
DA:9,2
DA:11,2
DA:12,1
DA:16,2
LF:7
LH:7
BRDA:8,0,0,2
BRDA:8,0,1,1
BRDA:11,1,0,1
BRDA:11,1,1,1
BRF:4
BRH:4
end_of_record
TN:
SF:src\modules\foto\use-cases\delete-foto.use-case.ts
FN:4,(anonymous_7)
FN:6,(anonymous_8)
FNF:2
FNH:2
FNDA:2,(anonymous_7)
FNDA:2,(anonymous_8)
DA:3,1
DA:4,2
DA:7,2
DA:9,2
DA:10,1
DA:13,1
LF:6
LH:6
BRDA:9,0,0,1
BRDA:9,0,1,1
BRF:2
BRH:2
end_of_record
TN:
SF:src\modules\foto\use-cases\get-foto-by-id.use-case.ts
FN:4,(anonymous_7)
FN:6,(anonymous_8)
FNF:2
FNH:2
FNDA:2,(anonymous_7)
FNDA:2,(anonymous_8)
DA:3,1
DA:4,2
DA:7,2
DA:9,2
DA:10,1
DA:13,1
LF:6
LH:6
BRDA:9,0,0,1
BRDA:9,0,1,1
BRF:2
BRH:2
end_of_record
TN:
SF:src\modules\foto\use-cases\get-fotos-by-planta.use-case.ts
FN:4,(anonymous_7)
FN:6,(anonymous_8)
FNF:2
FNH:2
FNDA:3,(anonymous_7)
FNDA:3,(anonymous_8)
DA:3,1
DA:4,3
DA:8,3
DA:10,3
DA:11,1
DA:14,2
LF:6
LH:6
BRDA:10,0,0,1
BRDA:10,0,1,2
BRF:2
BRH:2
end_of_record
TN:
SF:src\modules\foto\use-cases\index.ts
FN:1,(anonymous_0)
FN:2,(anonymous_1)
FN:3,(anonymous_2)
FN:4,(anonymous_3)
FN:5,(anonymous_4)
FNF:5
FNH:0
FNDA:0,(anonymous_0)
FNDA:0,(anonymous_1)
FNDA:0,(anonymous_2)
FNDA:0,(anonymous_3)
FNDA:0,(anonymous_4)
DA:1,0
DA:2,0
DA:3,0
DA:4,0
DA:5,0
LF:5
LH:0
BRF:0
BRH:0
end_of_record
TN:
SF:src\modules\foto\use-cases\update-foto.use-case.ts
FN:4,(anonymous_7)
FN:6,(anonymous_8)
FNF:2
FNH:2
FNDA:3,(anonymous_7)
FNDA:3,(anonymous_8)
DA:3,1
DA:4,3
DA:7,3
DA:9,3
DA:10,1
DA:13,2
LF:6
LH:6
BRDA:9,0,0,1
BRDA:9,0,1,2
BRF:2
BRH:2
end_of_record
TN:
SF:src\modules\guia-de-tecnicas\guia-de-tecnicas.controller.ts
FN:12,(anonymous_7)
FN:19,(anonymous_8)
FN:19,(anonymous_9)
FN:43,(anonymous_10)
FN:43,(anonymous_11)
FN:66,(anonymous_12)
FN:66,(anonymous_13)
FNF:7
FNH:0
FNDA:0,(anonymous_7)
FNDA:0,(anonymous_8)
FNDA:0,(anonymous_9)
FNDA:0,(anonymous_10)
FNDA:0,(anonymous_11)
FNDA:0,(anonymous_12)
FNDA:0,(anonymous_13)
DA:2,0
DA:3,0
DA:4,0
DA:6,0
DA:13,0
DA:14,0
DA:15,0
DA:16,0
DA:19,0
DA:20,0
DA:21,0
DA:23,0
DA:25,0
DA:27,0
DA:28,0
DA:29,0
DA:31,0
DA:32,0
DA:34,0
DA:35,0
DA:37,0
DA:39,0
DA:43,0
DA:44,0
DA:45,0
DA:46,0
DA:48,0
DA:54,0
DA:56,0
DA:57,0
DA:58,0
DA:60,0
DA:62,0
DA:66,0
DA:67,0
DA:68,0
DA:69,0
DA:71,0
DA:73,0
DA:75,0
DA:76,0
DA:77,0
DA:79,0
DA:81,0
LF:44
LH:0
BRDA:27,0,0,0
BRDA:27,0,1,0
BRDA:28,1,0,0
BRDA:28,1,1,0
BRDA:31,2,0,0
BRDA:31,2,1,0
BRDA:34,3,0,0
BRDA:34,3,1,0
BRDA:56,4,0,0
BRDA:56,4,1,0
BRDA:57,5,0,0
BRDA:57,5,1,0
BRDA:75,6,0,0
BRDA:75,6,1,0
BRDA:76,7,0,0
BRDA:76,7,1,0
BRF:16
BRH:0
end_of_record
TN:
SF:src\modules\guia-de-tecnicas\guia-de-tecnicas.router.ts
FNF:0
FNH:0
DA:1,0
DA:2,0
DA:3,0
DA:5,0
DA:6,0
DA:8,0
DA:9,0
DA:10,0
DA:12,0
LF:9
LH:0
BRF:0
BRH:0
end_of_record
TN:
SF:src\modules\guia-de-tecnicas\guia-de-tecnicas.schema.ts
FNF:0
FNH:0
DA:1,0
DA:4,0
DA:10,0
DA:19,0
DA:30,0
LF:5
LH:0
BRF:0
BRH:0
end_of_record
TN:
SF:src\modules\guia-de-tecnicas\repositories\prisma-guia-de-tecnicas.repository.ts
FN:11,(anonymous_7)
FN:29,(anonymous_9)
FN:51,(anonymous_11)
FN:62,(anonymous_13)
FN:75,(anonymous_15)
FN:83,(anonymous_17)
FNF:6
FNH:0
FNDA:0,(anonymous_7)
FNDA:0,(anonymous_9)
FNDA:0,(anonymous_11)
FNDA:0,(anonymous_13)
FNDA:0,(anonymous_15)
FNDA:0,(anonymous_17)
DA:1,0
DA:10,0
DA:12,0
DA:21,0
DA:30,0
DA:43,0
DA:52,0
DA:63,0
DA:72,0
DA:76,0
DA:80,0
DA:84,0
DA:88,0
LF:13
LH:0
BRDA:25,0,0,0
BRDA:25,0,1,0
BRDA:47,1,0,0
BRDA:47,1,1,0
BRF:4
BRH:0
end_of_record
TN:
SF:src\modules\guia-de-tecnicas\use-cases\create-guia-de-tecnicas.use-case.ts
FN:8,(anonymous_7)
FN:12,(anonymous_8)
FNF:2
FNH:2
FNDA:4,(anonymous_7)
FNDA:4,(anonymous_8)
DA:7,1
DA:9,4
DA:14,4
DA:15,4
DA:16,1
DA:20,3
DA:21,3
DA:22,1
DA:26,2
DA:30,2
DA:31,1
DA:35,1
LF:12
LH:12
BRDA:15,0,0,1
BRDA:15,0,1,3
BRDA:21,1,0,1
BRDA:21,1,1,2
BRDA:30,2,0,1
BRDA:30,2,1,1
BRF:6
BRH:6
end_of_record
TN:
SF:src\modules\guia-de-tecnicas\use-cases\delete-guia-de-tecnicas.use-case.ts
FN:4,(anonymous_7)
FN:6,(anonymous_8)
FNF:2
FNH:2
FNDA:2,(anonymous_7)
FNDA:2,(anonymous_8)
DA:3,1
DA:4,2
DA:7,2
DA:9,2
DA:10,1
DA:13,1
LF:6
LH:6
BRDA:9,0,0,1
BRDA:9,0,1,1
BRF:2
BRH:2
end_of_record
TN:
SF:src\modules\guia-de-tecnicas\use-cases\index.ts
FN:1,(anonymous_0)
FN:2,(anonymous_1)
FN:3,(anonymous_2)
FNF:3
FNH:0
FNDA:0,(anonymous_0)
FNDA:0,(anonymous_1)
FNDA:0,(anonymous_2)
DA:1,0
DA:2,0
DA:3,0
LF:3
LH:0
BRF:0
BRH:0
end_of_record
TN:
SF:src\modules\guia-de-tecnicas\use-cases\update-guia-de-tecnicas.use-case.ts
FN:8,(anonymous_7)
FN:12,(anonymous_8)
FNF:2
FNH:2
FNDA:2,(anonymous_7)
FNDA:2,(anonymous_8)
DA:7,1
DA:9,2
DA:14,2
DA:18,2
DA:19,1
DA:23,1
LF:6
LH:6
BRDA:18,0,0,1
BRDA:18,0,1,1
BRF:2
BRH:2
end_of_record
TN:
SF:src\modules\guia-sazonal\guia-sazonal.controller.ts
FN:12,(anonymous_7)
FN:19,(anonymous_8)
FN:19,(anonymous_9)
FN:43,(anonymous_10)
FN:43,(anonymous_11)
FN:67,(anonymous_12)
FN:67,(anonymous_13)
FNF:7
FNH:0
FNDA:0,(anonymous_7)
FNDA:0,(anonymous_8)
FNDA:0,(anonymous_9)
FNDA:0,(anonymous_10)
FNDA:0,(anonymous_11)
FNDA:0,(anonymous_12)
FNDA:0,(anonymous_13)
DA:2,0
DA:3,0
DA:4,0
DA:6,0
DA:13,0
DA:14,0
DA:15,0
DA:16,0
DA:19,0
DA:20,0
DA:21,0
DA:23,0
DA:25,0
DA:27,0
DA:28,0
DA:29,0
DA:31,0
DA:32,0
DA:34,0
DA:35,0
DA:37,0
DA:39,0
DA:43,0
DA:44,0
DA:45,0
DA:46,0
DA:48,0
DA:55,0
DA:57,0
DA:58,0
DA:59,0
DA:61,0
DA:63,0
DA:67,0
DA:68,0
DA:69,0
DA:70,0
DA:72,0
DA:74,0
DA:76,0
DA:77,0
DA:78,0
DA:80,0
DA:82,0
LF:44
LH:0
BRDA:27,0,0,0
BRDA:27,0,1,0
BRDA:28,1,0,0
BRDA:28,1,1,0
BRDA:31,2,0,0
BRDA:31,2,1,0
BRDA:34,3,0,0
BRDA:34,3,1,0
BRDA:57,4,0,0
BRDA:57,4,1,0
BRDA:58,5,0,0
BRDA:58,5,1,0
BRDA:76,6,0,0
BRDA:76,6,1,0
BRDA:77,7,0,0
BRDA:77,7,1,0
BRF:16
BRH:0
end_of_record
TN:
SF:src\modules\guia-sazonal\guia-sazonal.router.ts
FNF:0
FNH:0
DA:1,0
DA:2,0
DA:3,0
DA:5,0
DA:6,0
DA:8,0
DA:9,0
DA:10,0
DA:12,0
LF:9
LH:0
BRF:0
BRH:0
end_of_record
TN:
SF:src\modules\guia-sazonal\guia-sazonal.schema.ts
FNF:0
FNH:0
DA:1,0
DA:4,0
DA:5,0
DA:7,0
DA:17,0
DA:29,0
LF:6
LH:0
BRF:0
BRH:0
end_of_record
TN:
SF:src\modules\guia-sazonal\repositories\prisma-guia-sazonal.repository.ts
FN:12,(anonymous_7)
FN:18,(anonymous_9)
FN:36,(anonymous_11)
FN:48,(anonymous_13)
FN:61,(anonymous_15)
FN:68,(anonymous_17)
FNF:6
FNH:0
FNDA:0,(anonymous_7)
FNDA:0,(anonymous_9)
FNDA:0,(anonymous_11)
FNDA:0,(anonymous_13)
FNDA:0,(anonymous_15)
FNDA:0,(anonymous_17)
DA:1,0
DA:11,0
DA:13,0
DA:24,0
DA:37,0
DA:49,0
DA:58,0
DA:62,0
DA:65,0
DA:69,0
DA:72,0
LF:11
LH:0
BRF:0
BRH:0
end_of_record
TN:
SF:src\modules\guia-sazonal\use-cases\create-guia-sazonal.use-case.ts
FN:8,(anonymous_7)
FN:10,(anonymous_8)
FNF:2
FNH:2
FNDA:4,(anonymous_7)
FNDA:4,(anonymous_8)
DA:7,1
DA:8,4
DA:12,4
DA:13,4
DA:14,1
DA:18,3
DA:19,3
DA:20,1
DA:24,2
DA:29,2
DA:30,1
DA:33,1
LF:12
LH:12
BRDA:13,0,0,1
BRDA:13,0,1,3
BRDA:19,1,0,1
BRDA:19,1,1,2
BRDA:29,2,0,1
BRDA:29,2,1,1
BRF:6
BRH:6
end_of_record
TN:
SF:src\modules\guia-sazonal\use-cases\delete-guia-sazonal.use-case.ts
FN:7,(anonymous_7)
FN:9,(anonymous_8)
FNF:2
FNH:2
FNDA:2,(anonymous_7)
FNDA:2,(anonymous_8)
DA:6,1
DA:7,2
DA:11,2
DA:12,2
DA:13,1
DA:16,1
LF:6
LH:6
BRDA:12,0,0,1
BRDA:12,0,1,1
BRF:2
BRH:2
end_of_record
TN:
SF:src\modules\guia-sazonal\use-cases\index.ts
FN:1,(anonymous_0)
FN:2,(anonymous_1)
FN:3,(anonymous_2)
FNF:3
FNH:0
FNDA:0,(anonymous_0)
FNDA:0,(anonymous_1)
FNDA:0,(anonymous_2)
DA:1,0
DA:2,0
DA:3,0
LF:3
LH:0
BRF:0
BRH:0
end_of_record
TN:
SF:src\modules\guia-sazonal\use-cases\update-guia-sazonal.use-case.ts
FN:9,(anonymous_7)
FN:11,(anonymous_8)
FNF:2
FNH:2
FNDA:2,(anonymous_7)
FNDA:2,(anonymous_8)
DA:8,1
DA:9,2
DA:18,2
DA:19,2
DA:20,1
DA:23,1
LF:6
LH:6
BRDA:19,0,0,1
BRDA:19,0,1,1
BRF:2
BRH:2
end_of_record
TN:
SF:src\modules\inspiracao\inspiracao.controller.ts
FN:11,(anonymous_7)
FN:17,(anonymous_8)
FN:17,(anonymous_9)
FN:47,(anonymous_10)
FN:47,(anonymous_11)
FNF:5
FNH:0
FNDA:0,(anonymous_7)
FNDA:0,(anonymous_8)
FNDA:0,(anonymous_9)
FNDA:0,(anonymous_10)
FNDA:0,(anonymous_11)
DA:2,0
DA:3,0
DA:4,0
DA:6,0
DA:12,0
DA:13,0
DA:14,0
DA:17,0
DA:18,0
DA:19,0
DA:20,0
DA:22,0
DA:28,0
DA:29,0
DA:30,0
DA:32,0
DA:33,0
DA:35,0
DA:36,0
DA:38,0
DA:41,0
DA:43,0
DA:47,0
DA:48,0
DA:49,0
DA:50,0
DA:52,0
DA:58,0
DA:59,0
DA:60,0
DA:62,0
DA:65,0
DA:67,0
LF:33
LH:0
BRDA:28,0,0,0
BRDA:28,0,1,0
BRDA:29,1,0,0
BRDA:29,1,1,0
BRDA:32,2,0,0
BRDA:32,2,1,0
BRDA:35,3,0,0
BRDA:35,3,1,0
BRDA:58,4,0,0
BRDA:58,4,1,0
BRDA:59,5,0,0
BRDA:59,5,1,0
BRF:12
BRH:0
end_of_record
TN:
SF:src\modules\inspiracao\inspiracao.router.ts
FNF:0
FNH:0
DA:1,0
DA:2,0
DA:3,0
DA:5,0
DA:6,0
DA:8,0
DA:9,0
DA:11,0
LF:8
LH:0
BRF:0
BRH:0
end_of_record
TN:
SF:src\modules\inspiracao\inspiracao.schema.ts
FNF:0
FNH:0
DA:1,0
DA:3,0
LF:2
LH:0
BRF:0
BRH:0
end_of_record
TN:
SF:src\modules\inspiracao\repositories\prisma-inspiracao.repository.ts
FN:10,(anonymous_7)
FN:24,(anonymous_9)
FN:35,(anonymous_11)
FN:48,(anonymous_13)
FN:59,(anonymous_15)
FN:78,(anonymous_17)
FNF:6
FNH:0
FNDA:0,(anonymous_7)
FNDA:0,(anonymous_9)
FNDA:0,(anonymous_11)
FNDA:0,(anonymous_13)
FNDA:0,(anonymous_15)
FNDA:0,(anonymous_17)
DA:1,0
DA:9,0
DA:11,0
DA:18,0
DA:25,0
DA:36,0
DA:45,0
DA:49,0
DA:56,0
DA:60,0
DA:65,0
DA:66,0
DA:73,0
DA:75,0
DA:79,0
DA:89,0
LF:16
LH:0
BRDA:65,0,0,0
BRDA:65,0,1,0
BRDA:73,1,0,0
BRDA:73,1,1,0
BRDA:73,1,2,0
BRDA:73,2,0,0
BRDA:73,2,1,0
BRDA:73,3,0,0
BRDA:73,3,1,0
BRF:9
BRH:0
end_of_record
TN:
SF:src\modules\inspiracao\use-cases\add-inspiracao.use-case.ts
FN:4,(anonymous_7)
FN:6,(anonymous_8)
FNF:2
FNH:2
FNDA:4,(anonymous_7)
FNDA:4,(anonymous_8)
DA:3,1
DA:4,4
DA:7,4
DA:9,4
DA:10,4
DA:11,1
DA:15,3
DA:16,3
DA:17,1
DA:21,2
DA:22,2
DA:23,1
DA:27,1
DA:29,1
DA:31,0
LF:15
LH:14
BRDA:10,0,0,1
BRDA:10,0,1,3
BRDA:16,1,0,1
BRDA:16,1,1,2
BRDA:22,2,0,1
BRDA:22,2,1,1
BRF:6
BRH:6
end_of_record
TN:
SF:src\modules\inspiracao\use-cases\index.ts
FN:1,(anonymous_0)
FN:2,(anonymous_1)
FNF:2
FNH:0
FNDA:0,(anonymous_0)
FNDA:0,(anonymous_1)
DA:1,0
DA:2,0
LF:2
LH:0
BRF:0
BRH:0
end_of_record
TN:
SF:src\modules\inspiracao\use-cases\remove-inspiracao.use-case.ts
FN:4,(anonymous_7)
FN:6,(anonymous_8)
FNF:2
FNH:2
FNDA:2,(anonymous_7)
FNDA:2,(anonymous_8)
DA:3,1
DA:4,2
DA:7,2
DA:9,2
DA:15,2
DA:16,1
DA:20,1
DA:22,1
DA:24,0
LF:9
LH:8
BRDA:15,0,0,1
BRDA:15,0,1,1
BRF:2
BRH:2
end_of_record
TN:
SF:src\modules\planta\planta.controller.ts
FN:25,(anonymous_7)
FN:25,(anonymous_8)
FN:44,(anonymous_9)
FN:44,(anonymous_10)
FN:54,(anonymous_11)
FN:54,(anonymous_12)
FN:69,(anonymous_13)
FN:69,(anonymous_14)
FN:88,(anonymous_15)
FN:88,(anonymous_16)
FNF:10
FNH:0
FNDA:0,(anonymous_7)
FNDA:0,(anonymous_8)
FNDA:0,(anonymous_9)
FNDA:0,(anonymous_10)
FNDA:0,(anonymous_11)
FNDA:0,(anonymous_12)
FNDA:0,(anonymous_13)
FNDA:0,(anonymous_14)
FNDA:0,(anonymous_15)
FNDA:0,(anonymous_16)
DA:2,0
DA:3,0
DA:4,0
DA:11,0
DA:14,0
DA:15,0
DA:18,0
DA:19,0
DA:20,0
DA:21,0
DA:22,0
DA:24,0
DA:25,0
DA:26,0
DA:27,0
DA:28,0
DA:30,0
DA:35,0
DA:37,0
DA:38,0
DA:40,0
DA:44,0
DA:45,0
DA:46,0
DA:47,0
DA:48,0
DA:50,0
DA:54,0
DA:55,0
DA:56,0
DA:57,0
DA:59,0
DA:60,0
DA:62,0
DA:63,0
DA:65,0
DA:69,0
DA:70,0
DA:71,0
DA:72,0
DA:73,0
DA:75,0
DA:76,0
DA:78,0
DA:79,0
DA:81,0
DA:82,0
DA:84,0
DA:88,0
DA:89,0
DA:90,0
DA:91,0
DA:93,0
DA:94,0
DA:96,0
DA:97,0
DA:99,0
LF:57
LH:0
BRDA:37,0,0,0
BRDA:37,0,1,0
BRDA:40,1,0,0
BRDA:40,1,1,0
BRDA:50,2,0,0
BRDA:50,2,1,0
BRDA:62,3,0,0
BRDA:62,3,1,0
BRDA:65,4,0,0
BRDA:65,4,1,0
BRDA:78,5,0,0
BRDA:78,5,1,0
BRDA:81,6,0,0
BRDA:81,6,1,0
BRDA:84,7,0,0
BRDA:84,7,1,0
BRDA:96,8,0,0
BRDA:96,8,1,0
BRDA:99,9,0,0
BRDA:99,9,1,0
BRF:20
BRH:0
end_of_record
TN:
SF:src\modules\planta\planta.router.ts
FNF:0
FNH:0
DA:1,0
DA:2,0
DA:3,0
DA:5,0
DA:8,0
DA:10,0
DA:11,0
DA:12,0
DA:13,0
DA:14,0
DA:16,0
LF:11
LH:0
BRF:0
BRH:0
end_of_record
TN:
SF:src\modules\planta\planta.schema.ts
FNF:0
FNH:0
DA:1,0
DA:4,0
DA:7,0
DA:21,0
DA:37,0
LF:5
LH:0
BRF:0
BRH:0
end_of_record
TN:
SF:src\modules\planta\repositories\index.ts
FN:1,(anonymous_0)
FN:2,(anonymous_1)
FNF:2
FNH:0
FNDA:0,(anonymous_0)
FNDA:0,(anonymous_1)
DA:1,0
DA:2,0
LF:2
LH:0
BRF:0
BRH:0
end_of_record
TN:
SF:src\modules\planta\repositories\prisma-especie.repository.ts
FN:5,(anonymous_7)
FN:7,(anonymous_8)
FNF:2
FNH:0
FNDA:0,(anonymous_7)
FNDA:0,(anonymous_8)
DA:4,0
DA:5,0
DA:8,0
DA:13,0
LF:4
LH:0
BRF:0
BRH:0
end_of_record
TN:
SF:src\modules\planta\repositories\prisma-planta.repository.ts
FN:5,(anonymous_7)
FN:7,(anonymous_8)
FN:43,(anonymous_10)
FN:74,(anonymous_12)
FN:103,(anonymous_14)
FN:142,(anonymous_16)
FN:151,(anonymous_18)
FNF:7
FNH:0
FNDA:0,(anonymous_7)
FNDA:0,(anonymous_8)
FNDA:0,(anonymous_10)
FNDA:0,(anonymous_12)
FNDA:0,(anonymous_14)
FNDA:0,(anonymous_16)
FNDA:0,(anonymous_18)
DA:4,0
DA:5,0
DA:8,0
DA:44,0
DA:75,0
DA:104,0
DA:143,0
DA:152,0
DA:158,0
LF:9
LH:0
BRDA:17,0,0,0
BRDA:17,0,1,0
BRDA:17,1,0,0
BRDA:17,1,1,0
BRDA:18,2,0,0
BRDA:18,2,1,0
BRDA:18,3,0,0
BRDA:18,3,1,0
BRF:8
BRH:0
end_of_record
TN:
SF:src\modules\planta\use-cases\create-planta.use-case.ts
FN:4,(anonymous_7)
FN:9,(anonymous_8)
FNF:2
FNH:2
FNDA:4,(anonymous_7)
FNDA:4,(anonymous_8)
DA:3,1
DA:5,4
DA:6,4
DA:11,4
DA:12,4
DA:13,1
DA:17,3
DA:23,3
LF:8
LH:8
BRDA:12,0,0,1
BRDA:12,0,1,3
BRDA:19,1,0,2
BRDA:19,1,1,1
BRF:4
BRH:4
end_of_record
TN:
SF:src\modules\planta\use-cases\delete-planta.use-case.ts
FN:4,(anonymous_7)
FN:6,(anonymous_8)
FNF:2
FNH:2
FNDA:5,(anonymous_7)
FNDA:5,(anonymous_8)
DA:3,1
DA:4,5
DA:8,5
DA:9,4
DA:10,2
DA:14,2
LF:6
LH:6
BRDA:9,0,0,2
BRDA:9,0,1,2
BRF:2
BRH:2
end_of_record
TN:
SF:src\modules\planta\use-cases\get-planta-by-id.use-case.ts
FN:4,(anonymous_7)
FN:6,(anonymous_8)
FNF:2
FNH:2
FNDA:4,(anonymous_7)
FNDA:4,(anonymous_8)
DA:3,1
DA:4,4
DA:7,4
DA:9,3
DA:10,2
DA:13,1
LF:6
LH:6
BRDA:9,0,0,2
BRDA:9,0,1,1
BRF:2
BRH:2
end_of_record
TN:
SF:src\modules\planta\use-cases\get-plantas-by-user.use-case.ts
FN:4,(anonymous_7)
FN:6,(anonymous_8)
FNF:2
FNH:2
FNDA:3,(anonymous_7)
FNDA:3,(anonymous_8)
DA:3,1
DA:4,3
DA:7,3
LF:3
LH:3
BRF:0
BRH:0
end_of_record
TN:
SF:src\modules\planta\use-cases\index.ts
FN:1,(anonymous_0)
FN:2,(anonymous_1)
FN:3,(anonymous_2)
FN:4,(anonymous_3)
FN:5,(anonymous_4)
FNF:5
FNH:0
FNDA:0,(anonymous_0)
FNDA:0,(anonymous_1)
FNDA:0,(anonymous_2)
FNDA:0,(anonymous_3)
FNDA:0,(anonymous_4)
DA:1,0
DA:2,0
DA:3,0
DA:4,0
DA:5,0
LF:5
LH:0
BRF:0
BRH:0
end_of_record
TN:
SF:src\modules\planta\use-cases\update-planta.use-case.ts
FN:5,(anonymous_7)
FN:10,(anonymous_8)
FNF:2
FNH:2
FNDA:6,(anonymous_7)
FNDA:6,(anonymous_8)
DA:4,1
DA:6,6
DA:7,6
DA:12,6
DA:13,6
DA:14,1
DA:18,5
DA:19,2
DA:20,2
DA:21,1
DA:26,4
DA:32,4
LF:12
LH:12
BRDA:13,0,0,1
BRDA:13,0,1,5
BRDA:18,1,0,2
BRDA:18,1,1,3
BRDA:20,2,0,1
BRDA:20,2,1,1
BRDA:28,3,0,4
BRDA:28,3,1,0
BRF:8
BRH:7
end_of_record
TN:
SF:src\modules\recurso\recurso.controller.ts
FN:19,(anonymous_7)
FN:30,(anonymous_8)
FN:44,(anonymous_10)
FN:55,(anonymous_12)
FN:72,(anonymous_14)
FN:90,(anonymous_16)
FNF:6
FNH:0
FNDA:0,(anonymous_7)
FNDA:0,(anonymous_8)
FNDA:0,(anonymous_10)
FNDA:0,(anonymous_12)
FNDA:0,(anonymous_14)
FNDA:0,(anonymous_16)
DA:2,0
DA:3,0
DA:4,0
DA:12,0
DA:20,0
DA:22,0
DA:23,0
DA:24,0
DA:25,0
DA:26,0
DA:31,0
DA:32,0
DA:33,0
DA:35,0
DA:37,0
DA:39,0
DA:45,0
DA:46,0
DA:47,0
DA:48,0
DA:50,0
DA:56,0
DA:57,0
DA:58,0
DA:60,0
DA:62,0
DA:64,0
DA:65,0
DA:67,0
DA:73,0
DA:74,0
DA:75,0
DA:76,0
DA:78,0
DA:80,0
DA:82,0
DA:83,0
DA:85,0
DA:91,0
DA:92,0
DA:93,0
DA:95,0
DA:97,0
DA:99,0
DA:100,0
DA:102,0
LF:46
LH:0
BRDA:64,0,0,0
BRDA:64,0,1,0
BRDA:64,1,0,0
BRDA:64,1,1,0
BRDA:82,2,0,0
BRDA:82,2,1,0
BRDA:82,3,0,0
BRDA:82,3,1,0
BRDA:99,4,0,0
BRDA:99,4,1,0
BRDA:99,5,0,0
BRDA:99,5,1,0
BRF:12
BRH:0
end_of_record
TN:
SF:src\modules\recurso\recurso.router.ts
FNF:0
FNH:0
DA:1,0
DA:2,0
DA:3,0
DA:5,0
DA:6,0
DA:9,0
DA:11,0
DA:12,0
DA:13,0
DA:14,0
DA:15,0
DA:17,0
LF:12
LH:0
BRF:0
BRH:0
end_of_record
TN:
SF:src\modules\recurso\recurso.schema.ts
FNF:0
FNH:0
DA:1,0
DA:4,0
DA:6,0
DA:15,0
DA:27,0
LF:5
LH:0
BRF:0
BRH:0
end_of_record
TN:
SF:src\modules\recurso\repositories\prisma-recurso.repository.ts
FN:5,(anonymous_7)
FN:14,(anonymous_9)
FN:21,(anonymous_11)
FN:28,(anonymous_13)
FN:35,(anonymous_15)
FN:41,(anonymous_17)
FNF:6
FNH:0
FNDA:0,(anonymous_7)
FNDA:0,(anonymous_9)
FNDA:0,(anonymous_11)
FNDA:0,(anonymous_13)
FNDA:0,(anonymous_15)
FNDA:0,(anonymous_17)
DA:1,0
DA:4,0
DA:6,0
DA:15,0
DA:22,0
DA:29,0
DA:36,0
DA:42,0
DA:46,0
LF:9
LH:0
BRF:0
BRH:0
end_of_record
TN:
SF:src\modules\recurso\use-cases\create-recurso.use-case.ts
FN:4,(anonymous_7)
FN:6,(anonymous_8)
FNF:2
FNH:2
FNDA:2,(anonymous_7)
FNDA:2,(anonymous_8)
DA:3,1
DA:4,2
DA:7,2
LF:3
LH:3
BRF:0
BRH:0
end_of_record
TN:
SF:src\modules\recurso\use-cases\delete-recurso.use-case.ts
FN:4,(anonymous_7)
FN:6,(anonymous_8)
FNF:2
FNH:2
FNDA:2,(anonymous_7)
FNDA:2,(anonymous_8)
DA:3,1
DA:4,2
DA:7,2
DA:9,2
DA:10,1
DA:13,1
LF:6
LH:6
BRDA:9,0,0,1
BRDA:9,0,1,1
BRF:2
BRH:2
end_of_record
TN:
SF:src\modules\recurso\use-cases\get-all-recursos-by-user.use-case.ts
FN:4,(anonymous_7)
FN:6,(anonymous_8)
FNF:2
FNH:2
FNDA:2,(anonymous_7)
FNDA:2,(anonymous_8)
DA:3,1
DA:4,2
DA:7,2
LF:3
LH:3
BRF:0
BRH:0
end_of_record
TN:
SF:src\modules\recurso\use-cases\get-recurso-by-id.use-case.ts
FN:4,(anonymous_7)
FN:6,(anonymous_8)
FNF:2
FNH:2
FNDA:2,(anonymous_7)
FNDA:2,(anonymous_8)
DA:3,1
DA:4,2
DA:7,2
DA:9,2
DA:10,1
DA:13,1
LF:6
LH:6
BRDA:9,0,0,1
BRDA:9,0,1,1
BRF:2
BRH:2
end_of_record
TN:
SF:src\modules\recurso\use-cases\index.ts
FN:1,(anonymous_0)
FN:2,(anonymous_1)
FN:3,(anonymous_2)
FN:4,(anonymous_3)
FN:5,(anonymous_4)
FNF:5
FNH:0
FNDA:0,(anonymous_0)
FNDA:0,(anonymous_1)
FNDA:0,(anonymous_2)
FNDA:0,(anonymous_3)
FNDA:0,(anonymous_4)
DA:1,0
DA:2,0
DA:3,0
DA:4,0
DA:5,0
LF:5
LH:0
BRF:0
BRH:0
end_of_record
TN:
SF:src\modules\recurso\use-cases\update-recurso.use-case.ts
FN:4,(anonymous_7)
FN:6,(anonymous_8)
FNF:2
FNH:2
FNDA:3,(anonymous_7)
FNDA:3,(anonymous_8)
DA:3,1
DA:4,3
DA:7,3
DA:9,3
DA:10,1
DA:13,2
LF:6
LH:6
BRDA:9,0,0,1
BRDA:9,0,1,2
BRF:2
BRH:2
end_of_record
TN:
SF:src\modules\tipo-recurso\tipo-recurso.controller.ts
FN:12,(anonymous_7)
FN:20,(anonymous_8)
FN:34,(anonymous_10)
FN:44,(anonymous_12)
FN:58,(anonymous_14)
FN:77,(anonymous_16)
FNF:6
FNH:0
FNDA:0,(anonymous_7)
FNDA:0,(anonymous_8)
FNDA:0,(anonymous_10)
FNDA:0,(anonymous_12)
FNDA:0,(anonymous_14)
FNDA:0,(anonymous_16)
DA:2,0
DA:3,0
DA:4,0
DA:12,0
DA:13,0
DA:14,0
DA:15,0
DA:16,0
DA:17,0
DA:18,0
DA:21,0
DA:22,0
DA:23,0
DA:24,0
DA:26,0
DA:27,0
DA:29,0
DA:30,0
DA:35,0
DA:36,0
DA:37,0
DA:39,0
DA:40,0
DA:45,0
DA:46,0
DA:47,0
DA:48,0
DA:50,0
DA:51,0
DA:53,0
DA:54,0
DA:59,0
DA:60,0
DA:61,0
DA:62,0
DA:64,0
DA:65,0
DA:66,0
DA:68,0
DA:69,0
DA:72,0
DA:73,0
DA:78,0
DA:79,0
DA:80,0
DA:81,0
DA:83,0
DA:84,0
DA:86,0
DA:87,0
LF:50
LH:0
BRDA:26,0,0,0
BRDA:26,0,1,0
BRDA:26,1,0,0
BRDA:26,1,1,0
BRDA:50,2,0,0
BRDA:50,2,1,0
BRDA:50,3,0,0
BRDA:50,3,1,0
BRDA:64,4,0,0
BRDA:64,4,1,0
BRDA:65,5,0,0
BRDA:65,5,1,0
BRDA:68,6,0,0
BRDA:68,6,1,0
BRDA:83,7,0,0
BRDA:83,7,1,0
BRDA:83,8,0,0
BRDA:83,8,1,0
BRF:18
BRH:0
end_of_record
TN:
SF:src\modules\tipo-recurso\tipo-recurso.router.ts
FNF:0
FNH:0
DA:1,0
DA:2,0
DA:3,0
DA:5,0
DA:6,0
DA:8,0
DA:9,0
DA:12,0
DA:13,0
DA:14,0
DA:16,0
LF:11
LH:0
BRF:0
BRH:0
end_of_record
TN:
SF:src\modules\tipo-recurso\tipo-recurso.schema.ts
FNF:0
FNH:0
DA:1,0
DA:3,0
DA:9,0
DA:18,0
LF:4
LH:0
BRF:0
BRH:0
end_of_record
TN:
SF:src\modules\tipo-recurso\repositories\prisma-tipo-recurso.repository.ts
FN:6,(anonymous_7)
FN:12,(anonymous_9)
FN:18,(anonymous_11)
FN:24,(anonymous_13)
FN:31,(anonymous_15)
FN:37,(anonymous_17)
FN:44,(anonymous_19)
FN:51,(anonymous_21)
FNF:8
FNH:0
FNDA:0,(anonymous_7)
FNDA:0,(anonymous_9)
FNDA:0,(anonymous_11)
FNDA:0,(anonymous_13)
FNDA:0,(anonymous_15)
FNDA:0,(anonymous_17)
FNDA:0,(anonymous_19)
FNDA:0,(anonymous_21)
DA:2,0
DA:5,0
DA:7,0
DA:13,0
DA:19,0
DA:25,0
DA:32,0
DA:38,0
DA:41,0
DA:45,0
DA:48,0
DA:52,0
DA:58,0
LF:13
LH:0
BRF:0
BRH:0
end_of_record
TN:
SF:src\modules\tipo-recurso\use-cases\create-tipo-recurso.use-case.ts
FN:5,(anonymous_7)
FN:7,(anonymous_8)
FNF:2
FNH:2
FNDA:2,(anonymous_7)
FNDA:2,(anonymous_8)
DA:4,1
DA:5,2
DA:9,2
DA:10,2
DA:11,1
DA:14,1
LF:6
LH:6
BRDA:10,0,0,1
BRDA:10,0,1,1
BRF:2
BRH:2
end_of_record
TN:
SF:src\modules\tipo-recurso\use-cases\delete-tipo-recurso.use-case.ts
FN:4,(anonymous_7)
FN:6,(anonymous_8)
FNF:2
FNH:2
FNDA:2,(anonymous_7)
FNDA:2,(anonymous_8)
DA:3,1
DA:4,2
DA:8,2
DA:9,2
DA:10,1
DA:13,1
LF:6
LH:6
BRDA:9,0,0,1
BRDA:9,0,1,1
BRF:2
BRH:2
end_of_record
TN:
SF:src\modules\tipo-recurso\use-cases\get-all-tipos-recurso.use-case.ts
FN:5,(anonymous_7)
FN:7,(anonymous_8)
FNF:2
FNH:2
FNDA:2,(anonymous_7)
FNDA:2,(anonymous_8)
DA:4,1
DA:5,2
DA:8,2
LF:3
LH:3
BRF:0
BRH:0
end_of_record
TN:
SF:src\modules\tipo-recurso\use-cases\get-tipo-recurso-by-id.use-case.ts
FN:5,(anonymous_7)
FN:7,(anonymous_8)
FNF:2
FNH:2
FNDA:2,(anonymous_7)
FNDA:2,(anonymous_8)
DA:4,1
DA:5,2
DA:8,2
DA:9,2
DA:10,1
DA:13,1
LF:6
LH:6
BRDA:9,0,0,1
BRDA:9,0,1,1
BRF:2
BRH:2
end_of_record
TN:
SF:src\modules\tipo-recurso\use-cases\index.ts
FN:1,(anonymous_0)
FN:2,(anonymous_1)
FN:3,(anonymous_2)
FN:4,(anonymous_3)
FN:5,(anonymous_4)
FNF:5
FNH:0
FNDA:0,(anonymous_0)
FNDA:0,(anonymous_1)
FNDA:0,(anonymous_2)
FNDA:0,(anonymous_3)
FNDA:0,(anonymous_4)
DA:1,0
DA:2,0
DA:3,0
DA:4,0
DA:5,0
LF:5
LH:0
BRF:0
BRH:0
end_of_record
TN:
SF:src\modules\tipo-recurso\use-cases\update-tipo-recurso.use-case.ts
FN:5,(anonymous_7)
FN:7,(anonymous_8)
FNF:2
FNH:2
FNDA:4,(anonymous_7)
FNDA:4,(anonymous_8)
DA:4,1
DA:5,4
DA:9,4
DA:10,4
DA:11,1
DA:15,3
DA:16,2
DA:17,2
DA:18,1
DA:22,2
LF:10
LH:10
BRDA:10,0,0,1
BRDA:10,0,1,3
BRDA:15,1,0,2
BRDA:15,1,1,1
BRDA:17,2,0,1
BRDA:17,2,1,1
BRF:6
BRH:6
end_of_record
TN:
SF:src\modules\user\user.controller.ts
FN:14,(anonymous_7)
FN:14,(anonymous_8)
FN:24,(anonymous_9)
FN:24,(anonymous_10)
FNF:4
FNH:0
FNDA:0,(anonymous_7)
FNDA:0,(anonymous_8)
FNDA:0,(anonymous_9)
FNDA:0,(anonymous_10)
DA:3,0
DA:4,0
DA:5,0
DA:8,0
DA:9,0
DA:10,0
DA:12,0
DA:14,0
DA:15,0
DA:16,0
DA:17,0
DA:19,0
DA:20,0
DA:24,0
DA:25,0
DA:26,0
DA:27,0
DA:28,0
DA:30,0
DA:31,0
DA:33,0
DA:34,0
LF:22
LH:0
BRDA:19,0,0,0
BRDA:19,0,1,0
BRDA:30,1,0,0
BRDA:30,1,1,0
BRDA:30,2,0,0
BRDA:30,2,1,0
BRDA:33,3,0,0
BRDA:33,3,1,0
BRF:8
BRH:0
end_of_record
TN:
SF:src\modules\user\user.router.ts
FNF:0
FNH:0
DA:1,0
DA:2,0
DA:3,0
DA:5,0
DA:6,0
DA:8,0
DA:9,0
DA:11,0
LF:8
LH:0
BRF:0
BRH:0
end_of_record
TN:
SF:src\modules\user\user.schema.ts
FNF:0
FNH:0
DA:1,0
DA:3,0
LF:2
LH:0
BRF:0
BRH:0
end_of_record
TN:
SF:src\modules\user\repositories\prisma-user.repository.ts
FN:6,(anonymous_8)
FN:30,(anonymous_10)
FNF:2
FNH:0
FNDA:0,(anonymous_8)
FNDA:0,(anonymous_10)
DA:1,0
DA:4,0
DA:7,0
DA:27,0
DA:31,0
DA:62,0
DA:63,0
DA:67,0
DA:68,0
LF:9
LH:0
BRDA:62,0,0,0
BRDA:62,0,1,0
BRDA:62,1,0,0
BRDA:62,1,1,0
BRDA:62,1,2,0
BRF:5
BRH:0
end_of_record
TN:
SF:src\modules\user\use-cases\get-all-public-profiles.use-case.ts
FN:4,(anonymous_7)
FN:6,(anonymous_8)
FNF:2
FNH:2
FNDA:3,(anonymous_7)
FNDA:3,(anonymous_8)
DA:3,1
DA:4,3
DA:7,3
DA:8,3
DA:9,2
DA:11,1
LF:6
LH:6
BRF:0
BRH:0
end_of_record
TN:
SF:src\modules\user\use-cases\get-profile-by-id.use-case.ts
FN:4,(anonymous_7)
FN:6,(anonymous_8)
FNF:2
FNH:2
FNDA:5,(anonymous_7)
FNDA:5,(anonymous_8)
DA:3,1
DA:4,5
DA:7,5
DA:8,5
DA:10,3
DA:11,2
DA:14,1
DA:16,4
DA:17,4
DA:19,0
LF:10
LH:9
BRDA:10,0,0,2
BRDA:10,0,1,1
BRDA:16,1,0,4
BRDA:16,1,1,0
BRF:4
BRH:3
end_of_record
TN:
SF:src\modules\user\use-cases\index.ts
FN:1,(anonymous_0)
FN:2,(anonymous_1)
FNF:2
FNH:0
FNDA:0,(anonymous_0)
FNDA:0,(anonymous_1)
DA:1,0
DA:2,0
LF:2
LH:0
BRF:0
BRH:0
end_of_record
